Copyright 1986-2021 Xilinx, Inc. All Rights Reserved.
---------------------------------------------------------------------------------------------------
| Tool Version : Vivado v.2021.1 (win64) Build 3247384 Thu Jun 10 19:36:33 MDT 2021
| Date         : Wed Oct 27 18:39:03 2021
| Host         : LAPTOP-1AC7T8FO running 64-bit major release  (build 9200)
| Command      : report_control_sets -verbose -file Counter_with_Debouncer_control_sets_placed.rpt
| Design       : Counter_with_Debouncer
| Device       : xc7a100t
---------------------------------------------------------------------------------------------------

Control Set Information

Table of Contents
-----------------
1. Summary
2. Histogram
3. Flip-Flop Distribution
4. Detailed Control Set Information

1. Summary
----------

+----------------------------------------------------------+-------+
|                          Status                          | Count |
+----------------------------------------------------------+-------+
| Total control sets                                       |     4 |
|    Minimum number of control sets                        |     4 |
|    Addition due to synthesis replication                 |     0 |
|    Addition due to physical synthesis replication        |     0 |
| Unused register locations in slices containing registers |    17 |
+----------------------------------------------------------+-------+
* Control sets can be merged at opt_design using control_set_merge or merge_equivalent_drivers
** Run report_qor_suggestions for automated merging and remapping suggestions


2. Histogram
------------

+--------------------+-------+
|       Fanout       | Count |
+--------------------+-------+
| Total control sets |     4 |
| >= 0 to < 4        |     1 |
| >= 4 to < 6        |     1 |
| >= 6 to < 8        |     1 |
| >= 8 to < 10       |     0 |
| >= 10 to < 12      |     0 |
| >= 12 to < 14      |     0 |
| >= 14 to < 16      |     0 |
| >= 16              |     1 |
+--------------------+-------+
* Control sets can be remapped at either synth_design or opt_design


3. Flip-Flop Distribution
-------------------------

+--------------+-----------------------+------------------------+-----------------+--------------+
| Clock Enable | Synchronous Set/Reset | Asynchronous Set/Reset | Total Registers | Total Slices |
+--------------+-----------------------+------------------------+-----------------+--------------+
| No           | No                    | No                     |               6 |            3 |
| No           | No                    | Yes                    |               0 |            0 |
| No           | Yes                   | No                     |              20 |            5 |
| Yes          | No                    | No                     |               0 |            0 |
| Yes          | No                    | Yes                    |               0 |            0 |
| Yes          | Yes                   | No                     |               5 |            2 |
+--------------+-----------------------+------------------------+-----------------+--------------+


4. Detailed Control Set Information
-----------------------------------

+-------------------------+---------------+--------------------+------------------+----------------+--------------+
|       Clock Signal      | Enable Signal |  Set/Reset Signal  | Slice Load Count | Bel Load Count | Bels / Slice |
+-------------------------+---------------+--------------------+------------------+----------------+--------------+
|  clock_100MHz_IBUF_BUFG | clock_100Hz   | reset_IBUF         |                1 |              1 |         1.00 |
|  clock_100MHz_IBUF_BUFG | enable        | reset_IBUF         |                1 |              4 |         4.00 |
|  clock_100MHz_IBUF_BUFG |               |                    |                3 |              6 |         2.00 |
|  clock_100MHz_IBUF_BUFG |               | counter[0]_i_1_n_0 |                5 |             20 |         4.00 |
+-------------------------+---------------+--------------------+------------------+----------------+--------------+


