INFO: [VRFC 10-163] Analyzing VHDL file "C:/Users/adgbir/OneDrive - TalTech/IAS0600_VHDL/project_6_ParamMultiplier/project_6_ParamMultiplier.srcs/sources_1/imports/new/Bin_2_7_SegDecoder.vhd" into library xil_defaultlib
INFO: [VRFC 10-3107] analyzing entity 'Bin_2_7_SegDecoder'
INFO: [VRFC 10-163] Analyzing VHDL file "C:/Users/adgbir/OneDrive - TalTech/IAS0600_VHDL/project_6_ParamMultiplier/project_6_ParamMultiplier.srcs/sources_1/new/CLA_Adder.vhd" into library xil_defaultlib
INFO: [VRFC 10-3107] analyzing entity 'CLA_Adder'
INFO: [VRFC 10-163] Analyzing VHDL file "C:/Users/adgbir/OneDrive - TalTech/IAS0600_VHDL/project_6_ParamMultiplier/project_6_ParamMultiplier.srcs/sources_1/imports/Lab 2 Source files/HA_source.vhd" into library xil_defaultlib
INFO: [VRFC 10-3107] analyzing entity 'HA_source'
INFO: [VRFC 10-163] Analyzing VHDL file "C:/Users/adgbir/OneDrive - TalTech/IAS0600_VHDL/project_6_ParamMultiplier/project_6_ParamMultiplier.srcs/sources_1/imports/new/FA_Source.vhd" into library xil_defaultlib
INFO: [VRFC 10-3107] analyzing entity 'FA_Source'
INFO: [VRFC 10-163] Analyzing VHDL file "C:/Users/adgbir/OneDrive - TalTech/IAS0600_VHDL/project_6_ParamMultiplier/project_6_ParamMultiplier.srcs/sources_1/new/RCA_Source.vhd" into library xil_defaultlib
INFO: [VRFC 10-3107] analyzing entity 'RCA_Source'
INFO: [VRFC 10-163] Analyzing VHDL file "C:/Users/adgbir/OneDrive - TalTech/IAS0600_VHDL/project_6_ParamMultiplier/project_6_ParamMultiplier.srcs/sources_1/imports/new/SecondStep.vhd" into library xil_defaultlib
INFO: [VRFC 10-3107] analyzing entity 'SecondStep'
INFO: [VRFC 10-163] Analyzing VHDL file "C:/Users/adgbir/OneDrive - TalTech/IAS0600_VHDL/project_6_ParamMultiplier/project_6_ParamMultiplier.srcs/sources_1/new/Multiplier.vhd" into library xil_defaultlib
INFO: [VRFC 10-3107] analyzing entity 'Multiplier'
INFO: [VRFC 10-163] Analyzing VHDL file "C:/Users/adgbir/OneDrive - TalTech/IAS0600_VHDL/project_6_ParamMultiplier/project_6_ParamMultiplier.srcs/sim_1/new/Multiplier_tb.vhd" into library xil_defaultlib
INFO: [VRFC 10-3107] analyzing entity 'Multiplier_tb'
WARNING: [VRFC 10-3711] signal 'n' is used in subtype-indication/type-definition [C:/Users/adgbir/OneDrive - TalTech/IAS0600_VHDL/project_6_ParamMultiplier/project_6_ParamMultiplier.srcs/sim_1/new/Multiplier_tb.vhd:42]
WARNING: [VRFC 10-3711] signal 'n' is used in subtype-indication/type-definition [C:/Users/adgbir/OneDrive - TalTech/IAS0600_VHDL/project_6_ParamMultiplier/project_6_ParamMultiplier.srcs/sim_1/new/Multiplier_tb.vhd:43]
WARNING: [VRFC 10-3092] actual expression for generic 'msb_1' cannot reference a signal [C:/Users/adgbir/OneDrive - TalTech/IAS0600_VHDL/project_6_ParamMultiplier/project_6_ParamMultiplier.srcs/sim_1/new/Multiplier_tb.vhd:51]
WARNING: [VRFC 10-3092] actual expression for generic 'msb_1' cannot reference a signal [C:/Users/adgbir/OneDrive - TalTech/IAS0600_VHDL/project_6_ParamMultiplier/project_6_ParamMultiplier.srcs/sim_1/new/Multiplier_tb.vhd:52]
