#-----------------------------------------------------------
# Vivado v2021.1 (64-bit)
# SW Build 3247384 on Thu Jun 10 19:36:33 MDT 2021
# IP Build 3246043 on Fri Jun 11 00:30:35 MDT 2021
# Start of session at: Fri Nov 26 13:27:35 2021
# Process ID: 13212
# Current directory: C:/Users/bhumm/OneDrive - TalTech/IAS0600_VHDL/Lab_1_Comparator
# Command line: vivado.exe -gui_launcher_event rodinguilauncherevent24280 C:\Users\bhumm\OneDrive - TalTech\IAS0600_VHDL\Lab_1_Comparator\Lab_1_Comparator.xpr
# Log file: C:/Users/bhumm/OneDrive - TalTech/IAS0600_VHDL/Lab_1_Comparator/vivado.log
# Journal file: C:/Users/bhumm/OneDrive - TalTech/IAS0600_VHDL/Lab_1_Comparator\vivado.jou
#-----------------------------------------------------------
start_gui
open_project {C:/Users/bhumm/OneDrive - TalTech/IAS0600_VHDL/Lab_1_Comparator/Lab_1_Comparator.xpr}
WARNING: [filemgmt 56-3] Default IP Output Path : Could not find the directory 'C:/Users/bhumm/OneDrive - TalTech/IAS0600_VHDL/Lab_1_Comparator/Lab_1_Comparator.gen/sources_1'.
Scanning sources...
Finished scanning sources
INFO: [IP_Flow 19-234] Refreshing IP repositories
INFO: [IP_Flow 19-1704] No user IP repositories specified
INFO: [IP_Flow 19-2313] Loaded Vivado IP repository 'C:/Xilinx/Vivado/2021.1/data/ip'.
update_compile_order -fileset sources_1
exit
INFO: [Common 17-206] Exiting Vivado at Fri Nov 26 18:33:09 2021...
