#-----------------------------------------------------------
# Vivado v2021.1 (64-bit)
# SW Build 3247384 on Thu Jun 10 19:36:33 MDT 2021
# IP Build 3246043 on Fri Jun 11 00:30:35 MDT 2021
# Start of session at: Sun Dec  5 13:46:05 2021
# Process ID: 21112
# Current directory: C:/Users/bhumm/OneDrive - TalTech/IAS0600_VHDL/Lab_1_Comparator
# Command line: vivado.exe -gui_launcher_event rodinguilauncherevent33036 C:\Users\bhumm\OneDrive - TalTech\IAS0600_VHDL\Lab_1_Comparator\Lab_1_Comparator.xpr
# Log file: C:/Users/bhumm/OneDrive - TalTech/IAS0600_VHDL/Lab_1_Comparator/vivado.log
# Journal file: C:/Users/bhumm/OneDrive - TalTech/IAS0600_VHDL/Lab_1_Comparator\vivado.jou
#-----------------------------------------------------------
start_gui
open_project {C:/Users/bhumm/OneDrive - TalTech/IAS0600_VHDL/Lab_1_Comparator/Lab_1_Comparator.xpr}
WARNING: [filemgmt 56-3] Default IP Output Path : Could not find the directory 'C:/Users/bhumm/OneDrive - TalTech/IAS0600_VHDL/Lab_1_Comparator/Lab_1_Comparator.gen/sources_1'.
Scanning sources...
Finished scanning sources
INFO: [IP_Flow 19-234] Refreshing IP repositories
INFO: [IP_Flow 19-1704] No user IP repositories specified
INFO: [IP_Flow 19-2313] Loaded Vivado IP repository 'C:/Xilinx/Vivado/2021.1/data/ip'.
update_compile_order -fileset sources_1
archive_project {C:/Users/bhumm/OneDrive - TalTech/IAS0600_VHDL/Comparator.xpr.zip} -temp_dir {C:/Users/bhumm/OneDrive - TalTech/IAS0600_VHDL} -force -exclude_run_results
INFO: [Coretcl 2-137] starting archive...
INFO: [Coretcl 2-1499] Saving project copy to temporary location 'C:/Users/bhumm/OneDrive - TalTech/IAS0600_VHDL' for archiving project
WARNING: [filemgmt 56-3] Default IP Output Path : Could not find the directory 'C:/Users/bhumm/OneDrive - TalTech/IAS0600_VHDL/Lab_1_Comparator/Lab_1_Comparator.gen/sources_1'.
Scanning sources...
Finished scanning sources
INFO: [Coretcl 2-1211] Creating project copy for archival...
INFO: [Coretcl 2-135] resetting runs for excluding generated files from archive...
WARNING: [Coretcl 2-105] Run 'synth_1' is currently active
INFO: [Coretcl 2-133] re-setting run 'synth_1'...
WARNING: [Coretcl 2-105] Run 'synth_2' is currently active
INFO: [Coretcl 2-133] re-setting run 'synth_2'...
WARNING: [Coretcl 2-105] Run 'synth_3' is currently active
INFO: [Coretcl 2-133] re-setting run 'synth_3'...
INFO: [Coretcl 2-133] re-setting run 'impl_1'...
INFO: [Coretcl 2-133] re-setting run 'impl_2'...
INFO: [Coretcl 2-133] re-setting run 'impl_3'...
INFO: [Coretcl 2-1209] Adding archive summary file to the project...
INFO: [Coretcl 2-1214] Preparing project files for archive...
INFO: [Coretcl 2-1210] Compressing project files and data...
INFO: [Coretcl 2-1215] Project archived (C:/Users/bhumm/OneDrive - TalTech/IAS0600_VHDL/Comparator.xpr.zip)
INFO: [Coretcl 2-1216] To view the archive summary log in GUI, double click on 'Design Sources->Text->archive_project_summary.txt', or open this file from the archived project directory.
exit
INFO: [Common 17-206] Exiting Vivado at Sun Dec  5 13:47:11 2021...
