
*** Running vivado
    with args -log TBA_Source.vds -m64 -product Vivado -mode batch -messageDb vivado.pb -notrace -source TBA_Source.tcl



****** Vivado v2020.1 (64-bit)
  **** SW Build 2902540 on Wed May 27 19:54:49 MDT 2020
  **** IP Build 2902112 on Wed May 27 22:43:36 MDT 2020
    ** Copyright 1986-2020 Xilinx, Inc. All Rights Reserved.

source TBA_Source.tcl -notrace
Command: synth_design -top TBA_Source -part xc7a100tcsg324-1
Starting synth_design
Attempting to get a license for feature 'Synthesis' and/or device 'xc7a100t'
INFO: [Common 17-349] Got license for feature 'Synthesis' and/or device 'xc7a100t'
INFO: [Device 21-403] Loading part xc7a100tcsg324-1
INFO: [Synth 8-7079] Multithreading enabled for synth_design using a maximum of 2 processes.
INFO: [Synth 8-7078] Launching helper process for spawning children vivado processes
INFO: [Synth 8-7075] Helper process launched with PID 8360
---------------------------------------------------------------------------------
Starting RTL Elaboration : Time (s): cpu = 00:00:04 ; elapsed = 00:00:05 . Memory (MB): peak = 1023.090 ; gain = 0.000
---------------------------------------------------------------------------------
INFO: [Synth 8-638] synthesizing module 'TBA_Source' [P:/IAS0600_VHDL/project_3_2BitAdder/project_3_2BitAdder.srcs/sources_1/new/TBA_Source.vhd:40]
INFO: [Synth 8-3491] module 'HA_source' declared at 'P:/IAS0600_VHDL/project_3_2BitAdder/project_3_2BitAdder.srcs/sources_1/imports/Lab 2 Source files/HA_source.vhd:4' bound to instance 'HA' of component 'HA_source' [P:/IAS0600_VHDL/project_3_2BitAdder/project_3_2BitAdder.srcs/sources_1/new/TBA_Source.vhd:59]
INFO: [Synth 8-638] synthesizing module 'HA_source' [P:/IAS0600_VHDL/project_3_2BitAdder/project_3_2BitAdder.srcs/sources_1/imports/Lab 2 Source files/HA_source.vhd:9]
INFO: [Synth 8-256] done synthesizing module 'HA_source' (1#1) [P:/IAS0600_VHDL/project_3_2BitAdder/project_3_2BitAdder.srcs/sources_1/imports/Lab 2 Source files/HA_source.vhd:9]
INFO: [Synth 8-3491] module 'FA_Source' declared at 'P:/IAS0600_VHDL/project_3_2BitAdder/project_3_2BitAdder.srcs/sources_1/new/FA_Source.vhd:34' bound to instance 'FA' of component 'FA_Source' [P:/IAS0600_VHDL/project_3_2BitAdder/project_3_2BitAdder.srcs/sources_1/new/TBA_Source.vhd:61]
INFO: [Synth 8-638] synthesizing module 'FA_Source' [P:/IAS0600_VHDL/project_3_2BitAdder/project_3_2BitAdder.srcs/sources_1/new/FA_Source.vhd:42]
INFO: [Synth 8-638] synthesizing module 'HA_source__parameterized0' [P:/IAS0600_VHDL/project_3_2BitAdder/project_3_2BitAdder.srcs/sources_1/imports/Lab 2 Source files/HA_source.vhd:9]
INFO: [Synth 8-256] done synthesizing module 'HA_source__parameterized0' (1#1) [P:/IAS0600_VHDL/project_3_2BitAdder/project_3_2BitAdder.srcs/sources_1/imports/Lab 2 Source files/HA_source.vhd:9]
INFO: [Synth 8-256] done synthesizing module 'FA_Source' (2#1) [P:/IAS0600_VHDL/project_3_2BitAdder/project_3_2BitAdder.srcs/sources_1/new/FA_Source.vhd:42]
INFO: [Synth 8-256] done synthesizing module 'TBA_Source' (3#1) [P:/IAS0600_VHDL/project_3_2BitAdder/project_3_2BitAdder.srcs/sources_1/new/TBA_Source.vhd:40]
---------------------------------------------------------------------------------
Finished RTL Elaboration : Time (s): cpu = 00:00:05 ; elapsed = 00:00:06 . Memory (MB): peak = 1051.555 ; gain = 28.465
---------------------------------------------------------------------------------
---------------------------------------------------------------------------------
Start Handling Custom Attributes
---------------------------------------------------------------------------------
---------------------------------------------------------------------------------
Finished Handling Custom Attributes : Time (s): cpu = 00:00:05 ; elapsed = 00:00:07 . Memory (MB): peak = 1051.555 ; gain = 28.465
---------------------------------------------------------------------------------
---------------------------------------------------------------------------------
Finished RTL Optimization Phase 1 : Time (s): cpu = 00:00:05 ; elapsed = 00:00:07 . Memory (MB): peak = 1051.555 ; gain = 28.465
---------------------------------------------------------------------------------
Netlist sorting complete. Time (s): cpu = 00:00:00 ; elapsed = 00:00:00.001 . Memory (MB): peak = 1051.555 ; gain = 0.000
INFO: [Project 1-570] Preparing netlist for logic optimization

Processing XDC Constraints
Initializing timing engine
Parsing XDC File [P:/IAS0600_VHDL/project_3_2BitAdder/project_3_2BitAdder.srcs/constrs_1/imports/Lab 2 Source files/Nexys4DDR_Master.xdc]
Finished Parsing XDC File [P:/IAS0600_VHDL/project_3_2BitAdder/project_3_2BitAdder.srcs/constrs_1/imports/Lab 2 Source files/Nexys4DDR_Master.xdc]
INFO: [Project 1-236] Implementation specific constraints were found while reading constraint file [P:/IAS0600_VHDL/project_3_2BitAdder/project_3_2BitAdder.srcs/constrs_1/imports/Lab 2 Source files/Nexys4DDR_Master.xdc]. These constraints will be ignored for synthesis but will be used in implementation. Impacted constraints are listed in the file [.Xil/TBA_Source_propImpl.xdc].
Resolution: To avoid this warning, move constraints listed in [.Xil/TBA_Source_propImpl.xdc] to another XDC file and exclude this new file from synthesis with the used_in_synthesis property (File Properties dialog in GUI) and re-run elaboration/synthesis.
Completed Processing XDC Constraints

Netlist sorting complete. Time (s): cpu = 00:00:00 ; elapsed = 00:00:00.001 . Memory (MB): peak = 1119.594 ; gain = 0.000
INFO: [Project 1-111] Unisim Transformation Summary:
No Unisim elements were transformed.

Constraint Validation Runtime : Time (s): cpu = 00:00:00 ; elapsed = 00:00:00.020 . Memory (MB): peak = 1119.594 ; gain = 0.000
---------------------------------------------------------------------------------
Finished Constraint Validation : Time (s): cpu = 00:00:11 ; elapsed = 00:00:14 . Memory (MB): peak = 1119.594 ; gain = 96.504
---------------------------------------------------------------------------------
---------------------------------------------------------------------------------
Start Loading Part and Timing Information
---------------------------------------------------------------------------------
Loading part: xc7a100tcsg324-1
---------------------------------------------------------------------------------
Finished Loading Part and Timing Information : Time (s): cpu = 00:00:11 ; elapsed = 00:00:14 . Memory (MB): peak = 1119.594 ; gain = 96.504
---------------------------------------------------------------------------------
---------------------------------------------------------------------------------
Start Applying 'set_property' XDC Constraints
---------------------------------------------------------------------------------
---------------------------------------------------------------------------------
Finished applying 'set_property' XDC Constraints : Time (s): cpu = 00:00:11 ; elapsed = 00:00:14 . Memory (MB): peak = 1119.594 ; gain = 96.504
---------------------------------------------------------------------------------
---------------------------------------------------------------------------------
Finished RTL Optimization Phase 2 : Time (s): cpu = 00:00:12 ; elapsed = 00:00:14 . Memory (MB): peak = 1119.594 ; gain = 96.504
---------------------------------------------------------------------------------
---------------------------------------------------------------------------------
Start RTL Component Statistics 
---------------------------------------------------------------------------------
Detailed RTL Component Info : 
+---XORs : 
	   2 Input      1 Bit         XORs := 4     
---------------------------------------------------------------------------------
Finished RTL Component Statistics 
---------------------------------------------------------------------------------
---------------------------------------------------------------------------------
Start Part Resource Summary
---------------------------------------------------------------------------------
Part Resources:
DSPs: 240 (col length:80)
BRAMs: 270 (col length: RAMB18 80 RAMB36 40)
---------------------------------------------------------------------------------
Finished Part Resource Summary
---------------------------------------------------------------------------------
---------------------------------------------------------------------------------
Start Cross Boundary and Area Optimization
---------------------------------------------------------------------------------
---------------------------------------------------------------------------------
Finished Cross Boundary and Area Optimization : Time (s): cpu = 00:00:13 ; elapsed = 00:00:16 . Memory (MB): peak = 1119.594 ; gain = 96.504
---------------------------------------------------------------------------------
---------------------------------------------------------------------------------
Start Applying XDC Timing Constraints
---------------------------------------------------------------------------------
---------------------------------------------------------------------------------
Finished Applying XDC Timing Constraints : Time (s): cpu = 00:00:20 ; elapsed = 00:00:23 . Memory (MB): peak = 1135.230 ; gain = 112.141
---------------------------------------------------------------------------------
---------------------------------------------------------------------------------
Start Timing Optimization
---------------------------------------------------------------------------------
---------------------------------------------------------------------------------
Finished Timing Optimization : Time (s): cpu = 00:00:20 ; elapsed = 00:00:24 . Memory (MB): peak = 1135.230 ; gain = 112.141
---------------------------------------------------------------------------------
---------------------------------------------------------------------------------
Start Technology Mapping
---------------------------------------------------------------------------------
---------------------------------------------------------------------------------
Finished Technology Mapping : Time (s): cpu = 00:00:20 ; elapsed = 00:00:24 . Memory (MB): peak = 1154.344 ; gain = 131.254
---------------------------------------------------------------------------------
---------------------------------------------------------------------------------
Start IO Insertion
---------------------------------------------------------------------------------
---------------------------------------------------------------------------------
Start Flattening Before IO Insertion
---------------------------------------------------------------------------------
---------------------------------------------------------------------------------
Finished Flattening Before IO Insertion
---------------------------------------------------------------------------------
---------------------------------------------------------------------------------
Start Final Netlist Cleanup
---------------------------------------------------------------------------------
---------------------------------------------------------------------------------
Finished Final Netlist Cleanup
---------------------------------------------------------------------------------
---------------------------------------------------------------------------------
Finished IO Insertion : Time (s): cpu = 00:00:24 ; elapsed = 00:00:27 . Memory (MB): peak = 1160.109 ; gain = 137.020
---------------------------------------------------------------------------------
---------------------------------------------------------------------------------
Start Renaming Generated Instances
---------------------------------------------------------------------------------
---------------------------------------------------------------------------------
Finished Renaming Generated Instances : Time (s): cpu = 00:00:24 ; elapsed = 00:00:27 . Memory (MB): peak = 1160.109 ; gain = 137.020
---------------------------------------------------------------------------------
---------------------------------------------------------------------------------
Start Rebuilding User Hierarchy
---------------------------------------------------------------------------------
---------------------------------------------------------------------------------
Finished Rebuilding User Hierarchy : Time (s): cpu = 00:00:24 ; elapsed = 00:00:27 . Memory (MB): peak = 1160.109 ; gain = 137.020
---------------------------------------------------------------------------------
---------------------------------------------------------------------------------
Start Renaming Generated Ports
---------------------------------------------------------------------------------
---------------------------------------------------------------------------------
Finished Renaming Generated Ports : Time (s): cpu = 00:00:24 ; elapsed = 00:00:27 . Memory (MB): peak = 1160.109 ; gain = 137.020
---------------------------------------------------------------------------------
---------------------------------------------------------------------------------
Start Handling Custom Attributes
---------------------------------------------------------------------------------
---------------------------------------------------------------------------------
Finished Handling Custom Attributes : Time (s): cpu = 00:00:24 ; elapsed = 00:00:27 . Memory (MB): peak = 1160.109 ; gain = 137.020
---------------------------------------------------------------------------------
---------------------------------------------------------------------------------
Start Renaming Generated Nets
---------------------------------------------------------------------------------
---------------------------------------------------------------------------------
Finished Renaming Generated Nets : Time (s): cpu = 00:00:24 ; elapsed = 00:00:27 . Memory (MB): peak = 1160.109 ; gain = 137.020
---------------------------------------------------------------------------------
---------------------------------------------------------------------------------
Start Writing Synthesis Report
---------------------------------------------------------------------------------

Report BlackBoxes: 
+-+--------------+----------+
| |BlackBox name |Instances |
+-+--------------+----------+
+-+--------------+----------+

Report Cell Usage: 
+------+-----+------+
|      |Cell |Count |
+------+-----+------+
|1     |LUT2 |     1|
|2     |LUT4 |     2|
|3     |IBUF |     4|
|4     |OBUF |     3|
+------+-----+------+
---------------------------------------------------------------------------------
Finished Writing Synthesis Report : Time (s): cpu = 00:00:24 ; elapsed = 00:00:28 . Memory (MB): peak = 1160.109 ; gain = 137.020
---------------------------------------------------------------------------------
Synthesis finished with 0 errors, 0 critical warnings and 0 warnings.
Synthesis Optimization Runtime : Time (s): cpu = 00:00:17 ; elapsed = 00:00:25 . Memory (MB): peak = 1160.109 ; gain = 68.980
Synthesis Optimization Complete : Time (s): cpu = 00:00:24 ; elapsed = 00:00:28 . Memory (MB): peak = 1160.109 ; gain = 137.020
INFO: [Project 1-571] Translating synthesized netlist
Netlist sorting complete. Time (s): cpu = 00:00:00 ; elapsed = 00:00:00 . Memory (MB): peak = 1172.203 ; gain = 0.000
INFO: [Project 1-570] Preparing netlist for logic optimization
INFO: [Opt 31-138] Pushed 0 inverter(s) to 0 load pin(s).
Netlist sorting complete. Time (s): cpu = 00:00:00 ; elapsed = 00:00:00 . Memory (MB): peak = 1176.793 ; gain = 0.000
INFO: [Project 1-111] Unisim Transformation Summary:
No Unisim elements were transformed.

INFO: [Common 17-83] Releasing license: Synthesis
23 Infos, 0 Warnings, 0 Critical Warnings and 0 Errors encountered.
synth_design completed successfully
synth_design: Time (s): cpu = 00:00:30 ; elapsed = 00:01:11 . Memory (MB): peak = 1176.793 ; gain = 153.703
INFO: [Common 17-1381] The checkpoint 'P:/IAS0600_VHDL/project_3_2BitAdder/project_3_2BitAdder.runs/synth_1/TBA_Source.dcp' has been generated.
INFO: [runtcl-4] Executing : report_utilization -file TBA_Source_utilization_synth.rpt -pb TBA_Source_utilization_synth.pb
INFO: [Common 17-206] Exiting Vivado at Wed Oct 13 18:04:10 2021...
