#-----------------------------------------------------------
# Vivado v2021.1 (64-bit)
# SW Build 3247384 on Thu Jun 10 19:36:33 MDT 2021
# IP Build 3246043 on Fri Jun 11 00:30:35 MDT 2021
# Start of session at: Sun Dec  5 13:28:23 2021
# Process ID: 19724
# Current directory: C:/Users/bhumm/OneDrive - TalTech/IAS0600_VHDL/project_3_2BitAdder
# Command line: vivado.exe -gui_launcher_event rodinguilauncherevent19380 C:\Users\bhumm\OneDrive - TalTech\IAS0600_VHDL\project_3_2BitAdder\project_3_2BitAdder.xpr
# Log file: C:/Users/bhumm/OneDrive - TalTech/IAS0600_VHDL/project_3_2BitAdder/vivado.log
# Journal file: C:/Users/bhumm/OneDrive - TalTech/IAS0600_VHDL/project_3_2BitAdder\vivado.jou
#-----------------------------------------------------------
start_gui
open_project {C:/Users/bhumm/OneDrive - TalTech/IAS0600_VHDL/project_3_2BitAdder/project_3_2BitAdder.xpr}
Scanning sources...
Finished scanning sources
INFO: [IP_Flow 19-234] Refreshing IP repositories
INFO: [IP_Flow 19-1704] No user IP repositories specified
INFO: [IP_Flow 19-2313] Loaded Vivado IP repository 'C:/Xilinx/Vivado/2021.1/data/ip'.
update_compile_order -fileset sources_1
archive_project {C:/Users/bhumm/OneDrive - TalTech/IAS0600_VHDL/project_3_2BitAdder.xpr.zip} -temp_dir {C:/Users/bhumm/OneDrive - TalTech/IAS0600_VHDL/project_3_2BitAdder/.Xil/Vivado-19724-LAPTOP-1AC7T8FO} -force -exclude_run_results
INFO: [Coretcl 2-137] starting archive...
INFO: [Coretcl 2-1499] Saving project copy to temporary location 'C:/Users/bhumm/OneDrive - TalTech/IAS0600_VHDL/project_3_2BitAdder/.Xil/Vivado-19724-LAPTOP-1AC7T8FO' for archiving project
Scanning sources...
Finished scanning sources
INFO: [IP_Flow 19-234] Refreshing IP repositories
INFO: [IP_Flow 19-1704] No user IP repositories specified
INFO: [IP_Flow 19-2313] Loaded Vivado IP repository 'C:/Xilinx/Vivado/2021.1/data/ip'.
INFO: [Coretcl 2-1211] Creating project copy for archival...
INFO: [ProjectBase 1-495] The host OS only allows 260 characters in a normal path. The project is stored in a path with more than 80 characters. If you experience any problem with archiving the project, please consider setting environment variable $TEMP to a shorter path.
Current project path is 'C:/Users/bhumm/OneDrive - TalTech/IAS0600_VHDL/project_3_2BitAdder/.Xil/Vivado-19724-LAPTOP-1AC7T8FO/PrjAr/_X_'.
WARNING: [IP_Flow 19-3571] IP 'FA_Block_inst_0_HA_source_0_0' is restricted:
* Module reference is stale and needs refreshing.
WARNING: [IP_Flow 19-3571] IP 'FA_Block_inst_0_HA_source_1_0' is restricted:
* Module reference is stale and needs refreshing.
WARNING: [IP_Flow 19-3571] IP 'FA_Block_inst_0_HA_source_2_0' is restricted:
* Module reference is stale and needs refreshing.
INFO: [IP_Flow 19-234] Refreshing IP repositories
INFO: [IP_Flow 19-1704] No user IP repositories specified
INFO: [IP_Flow 19-234] Refreshing IP repositories
INFO: [IP_Flow 19-1704] No user IP repositories specified
INFO: [IP_Flow 19-234] Refreshing IP repositories
INFO: [IP_Flow 19-1704] No user IP repositories specified
INFO: [IP_Flow 19-234] Refreshing IP repositories
INFO: [IP_Flow 19-1704] No user IP repositories specified
INFO: [IP_Flow 19-234] Refreshing IP repositories
INFO: [IP_Flow 19-1704] No user IP repositories specified
INFO: [IP_Flow 19-234] Refreshing IP repositories
INFO: [IP_Flow 19-1704] No user IP repositories specified
INFO: [IP_Flow 19-234] Refreshing IP repositories
INFO: [IP_Flow 19-1704] No user IP repositories specified
INFO: [Coretcl 2-135] resetting runs for excluding generated files from archive...
WARNING: [Coretcl 2-105] Run 'synth_1' is currently active
INFO: [Coretcl 2-133] re-setting run 'synth_1'...
WARNING: [Coretcl 2-105] Run 'synth_2' is currently active
INFO: [Coretcl 2-133] re-setting run 'synth_2'...
WARNING: [Coretcl 2-105] Run 'FA_Block_inst_0_HA_source_0_0_synth_1' is currently active
INFO: [Coretcl 2-133] re-setting run 'FA_Block_inst_0_HA_source_0_0_synth_1'...
WARNING: [Coretcl 2-105] Run 'FA_Block_inst_0_HA_source_1_0_synth_1' is currently active
INFO: [Coretcl 2-133] re-setting run 'FA_Block_inst_0_HA_source_1_0_synth_1'...
WARNING: [Coretcl 2-105] Run 'FA_Block_inst_0_HA_source_2_0_synth_1' is currently active
INFO: [Coretcl 2-133] re-setting run 'FA_Block_inst_0_HA_source_2_0_synth_1'...
WARNING: [Coretcl 2-105] Run 'TBA_Block_HA_source_0_0_synth_1' is currently active
INFO: [Coretcl 2-133] re-setting run 'TBA_Block_HA_source_0_0_synth_1'...
INFO: [Coretcl 2-133] re-setting run 'impl_1'...
INFO: [Coretcl 2-133] re-setting run 'impl_2'...
INFO: [Coretcl 2-133] re-setting run 'FA_Block_inst_0_HA_source_0_0_impl_1'...
INFO: [Coretcl 2-133] re-setting run 'FA_Block_inst_0_HA_source_1_0_impl_1'...
INFO: [Coretcl 2-133] re-setting run 'FA_Block_inst_0_HA_source_2_0_impl_1'...
INFO: [Coretcl 2-133] re-setting run 'TBA_Block_HA_source_0_0_impl_1'...
INFO: [Coretcl 2-1209] Adding archive summary file to the project...
INFO: [Coretcl 2-1214] Preparing project files for archive...
ERROR: [Common 17-680] Path length exceeds 260-Byte maximum allowed by Windows: C:/Users/bhumm/OneDrive - TalTech/IAS0600_VHDL/project_3_2BitAdder/.Xil/Vivado-19724-LAPTOP-1AC7T8FO/PrjAr/project_3_2BitAdder/project_3_2BitAdder.gen/sources_1/bd/TBA_Block/bd/FA_Block_inst_0/ip/FA_Block_inst_0_HA_source_0_0/FA_Block_inst_0_HA_source_0_0_sim_netlist.v
Please consider using the OS subst command to shorten the path length by mapping part of the path to a virtual drive letter. See Answer Record AR52787 for more information.
Resolution: In Windows 7 or later, the mklink command can also be used to create a symbolic link and shorten the path.
close_project
exit
INFO: [Common 17-206] Exiting Vivado at Sun Dec  5 13:30:25 2021...
