#-----------------------------------------------------------
# Vivado v2021.1 (64-bit)
# SW Build 3247384 on Thu Jun 10 19:36:33 MDT 2021
# IP Build 3246043 on Fri Jun 11 00:30:35 MDT 2021
# Start of session at: Tue Nov 16 15:38:46 2021
# Process ID: 9420
# Current directory: C:/Users/bhumm/OneDrive - TalTech/IAS0600_VHDL/project_3_2BitAdder
# Command line: vivado.exe -gui_launcher_event rodinguilauncherevent24032 C:\Users\bhumm\OneDrive - TalTech\IAS0600_VHDL\project_3_2BitAdder\project_3_2BitAdder.xpr
# Log file: C:/Users/bhumm/OneDrive - TalTech/IAS0600_VHDL/project_3_2BitAdder/vivado.log
# Journal file: C:/Users/bhumm/OneDrive - TalTech/IAS0600_VHDL/project_3_2BitAdder\vivado.jou
#-----------------------------------------------------------
start_gui
open_project {C:/Users/bhumm/OneDrive - TalTech/IAS0600_VHDL/project_3_2BitAdder/project_3_2BitAdder.xpr}
Scanning sources...
Finished scanning sources
INFO: [IP_Flow 19-234] Refreshing IP repositories
INFO: [IP_Flow 19-1704] No user IP repositories specified
INFO: [IP_Flow 19-2313] Loaded Vivado IP repository 'C:/Xilinx/Vivado/2021.1/data/ip'.
open_project: Time (s): cpu = 00:00:32 ; elapsed = 00:00:09 . Memory (MB): peak = 1134.625 ; gain = 0.730
update_compile_order -fileset sources_1
open_project {C:/Users/bhumm/OneDrive - TalTech/IAS0600_VHDL/project_3_CreepingLine/project_3_CreepingLine.xpr}
WARNING: [filemgmt 56-3] Default IP Output Path : Could not find the directory 'C:/Users/bhumm/OneDrive - TalTech/IAS0600_VHDL/project_3_CreepingLine/project_3_CreepingLine.gen/sources_1'.
Scanning sources...
Finished scanning sources
INFO: [IP_Flow 19-234] Refreshing IP repositories
INFO: [IP_Flow 19-1704] No user IP repositories specified
INFO: [IP_Flow 19-2313] Loaded Vivado IP repository 'C:/Xilinx/Vivado/2021.1/data/ip'.
update_compile_order -fileset sources_1
current_project project_3_2BitAdder
close_project
exit
INFO: [Common 17-206] Exiting Vivado at Tue Nov 16 18:40:53 2021...
