#-----------------------------------------------------------
# Vivado v2021.1 (64-bit)
# SW Build 3247384 on Thu Jun 10 19:36:33 MDT 2021
# IP Build 3246043 on Fri Jun 11 00:30:35 MDT 2021
# Start of session at: Sat Dec  4 18:04:15 2021
# Process ID: 13520
# Current directory: C:/Users/bhumm/OneDrive - TalTech/IAS0600_VHDL/project_3_2BitAdder
# Command line: vivado.exe -gui_launcher_event rodinguilauncherevent25508 C:\Users\bhumm\OneDrive - TalTech\IAS0600_VHDL\project_3_2BitAdder\project_3_2BitAdder.xpr
# Log file: C:/Users/bhumm/OneDrive - TalTech/IAS0600_VHDL/project_3_2BitAdder/vivado.log
# Journal file: C:/Users/bhumm/OneDrive - TalTech/IAS0600_VHDL/project_3_2BitAdder\vivado.jou
#-----------------------------------------------------------
start_gui
open_project {C:/Users/bhumm/OneDrive - TalTech/IAS0600_VHDL/project_3_2BitAdder/project_3_2BitAdder.xpr}
Scanning sources...
Finished scanning sources
INFO: [IP_Flow 19-234] Refreshing IP repositories
INFO: [IP_Flow 19-1704] No user IP repositories specified
INFO: [IP_Flow 19-2313] Loaded Vivado IP repository 'C:/Xilinx/Vivado/2021.1/data/ip'.
update_compile_order -fileset sources_1
exit
INFO: [Common 17-206] Exiting Vivado at Sun Dec  5 04:41:24 2021...
