Copyright 1986-2021 Xilinx, Inc. All Rights Reserved.
--------------------------------------------------------------------------------------------------------------------------------------------------------------------------------------------
| Tool Version : Vivado v.2021.1 (win64) Build 3247384 Thu Jun 10 19:36:33 MDT 2021
| Date         : Mon Dec 13 23:01:21 2021
| Host         : LAPTOP-1AC7T8FO running 64-bit major release  (build 9200)
| Command      : report_timing_summary -max_paths 10 -file gcd_fsm_timing_summary_routed.rpt -pb gcd_fsm_timing_summary_routed.pb -rpx gcd_fsm_timing_summary_routed.rpx -warn_on_violation
| Design       : gcd_fsm
| Device       : 7a100t-csg324
| Speed File   : -1  PRODUCTION 1.23 2018-06-13
--------------------------------------------------------------------------------------------------------------------------------------------------------------------------------------------

Timing Summary Report

------------------------------------------------------------------------------------------------
| Timer Settings
| --------------
------------------------------------------------------------------------------------------------

  Enable Multi Corner Analysis               :  Yes
  Enable Pessimism Removal                   :  Yes
  Pessimism Removal Resolution               :  Nearest Common Node
  Enable Input Delay Default Clock           :  No
  Enable Preset / Clear Arcs                 :  No
  Disable Flight Delays                      :  No
  Ignore I/O Paths                           :  No
  Timing Early Launch at Borrowing Latches   :  No
  Borrow Time for Max Delay Exceptions       :  Yes
  Merge Timing Exceptions                    :  Yes

  Corner  Analyze    Analyze    
  Name    Max Paths  Min Paths  
  ------  ---------  ---------  
  Slow    Yes        Yes        
  Fast    Yes        Yes        


------------------------------------------------------------------------------------------------
| Report Methodology
| ------------------
------------------------------------------------------------------------------------------------

Rule       Severity  Description                    Violations  
---------  --------  -----------------------------  ----------  
TIMING-18  Warning   Missing input or output delay  27          
TIMING-20  Warning   Non-clocked latch              3           

Note: This report is based on the most recent report_methodology run and may not be up-to-date. Run report_methodology on the current design for the latest report.



check_timing report

Table of Contents
-----------------
1. checking no_clock (9)
2. checking constant_clock (0)
3. checking pulse_width_clock (0)
4. checking unconstrained_internal_endpoints (3)
5. checking no_input_delay (15)
6. checking no_output_delay (13)
7. checking multiple_clock (0)
8. checking generated_clocks (0)
9. checking loops (0)
10. checking partial_input_delay (0)
11. checking partial_output_delay (0)
12. checking latch_loops (0)

1. checking no_clock (9)
------------------------
 There are 3 register/latch pins with no clock driven by root clock pin: FSM_sequential_current_state_reg[0]/Q (HIGH)

 There are 3 register/latch pins with no clock driven by root clock pin: FSM_sequential_current_state_reg[1]/Q (HIGH)

 There are 3 register/latch pins with no clock driven by root clock pin: FSM_sequential_current_state_reg[2]/Q (HIGH)


2. checking constant_clock (0)
------------------------------
 There are 0 register/latch pins with constant_clock.


3. checking pulse_width_clock (0)
---------------------------------
 There are 0 register/latch pins which need pulse_width check


4. checking unconstrained_internal_endpoints (3)
------------------------------------------------
 There are 3 pins that are not constrained for maximum delay. (HIGH)

 There are 0 pins that are not constrained for maximum delay due to constant clock.


5. checking no_input_delay (15)
-------------------------------
 There are 15 input ports with no input delay specified. (HIGH)

 There are 0 input ports with no input delay but user has a false path constraint.


6. checking no_output_delay (13)
--------------------------------
 There are 13 ports with no output delay specified. (HIGH)

 There are 0 ports with no output delay but user has a false path constraint

 There are 0 ports with no output delay but with a timing clock defined on it or propagating through it


7. checking multiple_clock (0)
------------------------------
 There are 0 register/latch pins with multiple clocks.


8. checking generated_clocks (0)
--------------------------------
 There are 0 generated clocks that are not connected to a clock source.


9. checking loops (0)
---------------------
 There are 0 combinational loops in the design.


10. checking partial_input_delay (0)
------------------------------------
 There are 0 input ports with partial input delay specified.


11. checking partial_output_delay (0)
-------------------------------------
 There are 0 ports with partial output delay specified.


12. checking latch_loops (0)
----------------------------
 There are 0 combinational latch loops in the design through latch input



------------------------------------------------------------------------------------------------
| Design Timing Summary
| ---------------------
------------------------------------------------------------------------------------------------

    WNS(ns)      TNS(ns)  TNS Failing Endpoints  TNS Total Endpoints      WHS(ns)      THS(ns)  THS Failing Endpoints  THS Total Endpoints     WPWS(ns)     TPWS(ns)  TPWS Failing Endpoints  TPWS Total Endpoints  
    -------      -------  ---------------------  -------------------      -------      -------  ---------------------  -------------------     --------     --------  ----------------------  --------------------  
      5.076        0.000                      0                   73        0.158        0.000                      0                   73        4.500        0.000                       0                    42  


All user specified timing constraints are met.


------------------------------------------------------------------------------------------------
| Clock Summary
| -------------
------------------------------------------------------------------------------------------------

Clock        Waveform(ns)       Period(ns)      Frequency(MHz)
-----        ------------       ----------      --------------
sys_clk_pin  {0.000 5.000}      10.000          100.000         


------------------------------------------------------------------------------------------------
| Intra Clock Table
| -----------------
------------------------------------------------------------------------------------------------

Clock             WNS(ns)      TNS(ns)  TNS Failing Endpoints  TNS Total Endpoints      WHS(ns)      THS(ns)  THS Failing Endpoints  THS Total Endpoints     WPWS(ns)     TPWS(ns)  TPWS Failing Endpoints  TPWS Total Endpoints  
-----             -------      -------  ---------------------  -------------------      -------      -------  ---------------------  -------------------     --------     --------  ----------------------  --------------------  
sys_clk_pin         5.076        0.000                      0                   73        0.158        0.000                      0                   73        4.500        0.000                       0                    42  


------------------------------------------------------------------------------------------------
| Inter Clock Table
| -----------------
------------------------------------------------------------------------------------------------

From Clock    To Clock          WNS(ns)      TNS(ns)  TNS Failing Endpoints  TNS Total Endpoints      WHS(ns)      THS(ns)  THS Failing Endpoints  THS Total Endpoints  
----------    --------          -------      -------  ---------------------  -------------------      -------      -------  ---------------------  -------------------  


------------------------------------------------------------------------------------------------
| Other Path Groups Table
| -----------------------
------------------------------------------------------------------------------------------------

Path Group    From Clock    To Clock          WNS(ns)      TNS(ns)  TNS Failing Endpoints  TNS Total Endpoints      WHS(ns)      THS(ns)  THS Failing Endpoints  THS Total Endpoints  
----------    ----------    --------          -------      -------  ---------------------  -------------------      -------      -------  ---------------------  -------------------  


------------------------------------------------------------------------------------------------
| Timing Details
| --------------
------------------------------------------------------------------------------------------------


---------------------------------------------------------------------------------------------------
From Clock:  sys_clk_pin
  To Clock:  sys_clk_pin

Setup :            0  Failing Endpoints,  Worst Slack        5.076ns,  Total Violation        0.000ns
Hold  :            0  Failing Endpoints,  Worst Slack        0.158ns,  Total Violation        0.000ns
PW    :            0  Failing Endpoints,  Worst Slack        4.500ns,  Total Violation        0.000ns
---------------------------------------------------------------------------------------------------


Max Delay Paths
--------------------------------------------------------------------------------------
Slack (MET) :             5.076ns  (required time - arrival time)
  Source:                 FSM_sequential_current_state_reg[2]/C
                            (rising edge-triggered cell FDCE clocked by sys_clk_pin  {rise@0.000ns fall@5.000ns period=10.000ns})
  Destination:            reg2_reg[6]/CE
                            (rising edge-triggered cell FDCE clocked by sys_clk_pin  {rise@0.000ns fall@5.000ns period=10.000ns})
  Path Group:             sys_clk_pin
  Path Type:              Setup (Max at Slow Process Corner)
  Requirement:            10.000ns  (sys_clk_pin rise@10.000ns - sys_clk_pin rise@0.000ns)
  Data Path Delay:        4.642ns  (logic 1.589ns (34.228%)  route 3.053ns (65.772%))
  Logic Levels:           4  (CARRY4=2 LUT6=2)
  Clock Path Skew:        -0.041ns (DCD - SCD + CPR)
    Destination Clock Delay (DCD):    5.016ns = ( 15.016 - 10.000 ) 
    Source Clock Delay      (SCD):    5.316ns
    Clock Pessimism Removal (CPR):    0.259ns
  Clock Uncertainty:      0.035ns  ((TSJ^2 + TIJ^2)^1/2 + DJ) / 2 + PE
    Total System Jitter     (TSJ):    0.071ns
    Total Input Jitter      (TIJ):    0.000ns
    Discrete Jitter          (DJ):    0.000ns
    Phase Error              (PE):    0.000ns

    Location             Delay type                Incr(ns)  Path(ns)    Netlist Resource(s)
  -------------------------------------------------------------------    -------------------
                         (clock sys_clk_pin rise edge)
                                                      0.000     0.000 r  
    E3                                                0.000     0.000 r  clock (IN)
                         net (fo=0)                   0.000     0.000    clock
    E3                   IBUF (Prop_ibuf_I_O)         1.482     1.482 r  clock_IBUF_inst/O
                         net (fo=1, routed)           2.025     3.506    clock_IBUF
    BUFGCTRL_X0Y16       BUFG (Prop_bufg_I_O)         0.096     3.602 r  clock_IBUF_BUFG_inst/O
                         net (fo=41, routed)          1.713     5.316    clock_IBUF_BUFG
    SLICE_X3Y80          FDCE                                         r  FSM_sequential_current_state_reg[2]/C
  -------------------------------------------------------------------    -------------------
    SLICE_X3Y80          FDCE (Prop_fdce_C_Q)         0.456     5.772 r  FSM_sequential_current_state_reg[2]/Q
                         net (fo=74, routed)          1.638     7.409    current_state[2]
    SLICE_X3Y83          LUT6 (Prop_lut6_I0_O)        0.124     7.533 r  reg1[11]_i_19/O
                         net (fo=1, routed)           0.332     7.865    reg1[11]_i_19_n_0
    SLICE_X2Y83          CARRY4 (Prop_carry4_DI[1]_CO[3])
                                                      0.520     8.385 r  reg1_reg[11]_i_5/CO[3]
                         net (fo=1, routed)           0.000     8.385    reg1_reg[11]_i_5_n_0
    SLICE_X2Y84          CARRY4 (Prop_carry4_CI_CO[1])
                                                      0.157     8.542 r  reg1_reg[11]_i_3/CO[1]
                         net (fo=2, routed)           0.441     8.983    greaterBit
    SLICE_X2Y82          LUT6 (Prop_lut6_I4_O)        0.332     9.315 r  reg2[11]_i_1/O
                         net (fo=12, routed)          0.643     9.958    next_reg2
    SLICE_X5Y81          FDCE                                         r  reg2_reg[6]/CE
  -------------------------------------------------------------------    -------------------

                         (clock sys_clk_pin rise edge)
                                                     10.000    10.000 r  
    E3                                                0.000    10.000 r  clock (IN)
                         net (fo=0)                   0.000    10.000    clock
    E3                   IBUF (Prop_ibuf_I_O)         1.411    11.411 r  clock_IBUF_inst/O
                         net (fo=1, routed)           1.920    13.331    clock_IBUF
    BUFGCTRL_X0Y16       BUFG (Prop_bufg_I_O)         0.091    13.422 r  clock_IBUF_BUFG_inst/O
                         net (fo=41, routed)          1.593    15.016    clock_IBUF_BUFG
    SLICE_X5Y81          FDCE                                         r  reg2_reg[6]/C
                         clock pessimism              0.259    15.275    
                         clock uncertainty           -0.035    15.239    
    SLICE_X5Y81          FDCE (Setup_fdce_C_CE)      -0.205    15.034    reg2_reg[6]
  -------------------------------------------------------------------
                         required time                         15.034    
                         arrival time                          -9.958    
  -------------------------------------------------------------------
                         slack                                  5.076    

Slack (MET) :             5.164ns  (required time - arrival time)
  Source:                 FSM_sequential_current_state_reg[2]/C
                            (rising edge-triggered cell FDCE clocked by sys_clk_pin  {rise@0.000ns fall@5.000ns period=10.000ns})
  Destination:            reg2_reg[0]/CE
                            (rising edge-triggered cell FDCE clocked by sys_clk_pin  {rise@0.000ns fall@5.000ns period=10.000ns})
  Path Group:             sys_clk_pin
  Path Type:              Setup (Max at Slow Process Corner)
  Requirement:            10.000ns  (sys_clk_pin rise@10.000ns - sys_clk_pin rise@0.000ns)
  Data Path Delay:        4.573ns  (logic 1.589ns (34.747%)  route 2.984ns (65.253%))
  Logic Levels:           4  (CARRY4=2 LUT6=2)
  Clock Path Skew:        -0.023ns (DCD - SCD + CPR)
    Destination Clock Delay (DCD):    5.018ns = ( 15.018 - 10.000 ) 
    Source Clock Delay      (SCD):    5.316ns
    Clock Pessimism Removal (CPR):    0.275ns
  Clock Uncertainty:      0.035ns  ((TSJ^2 + TIJ^2)^1/2 + DJ) / 2 + PE
    Total System Jitter     (TSJ):    0.071ns
    Total Input Jitter      (TIJ):    0.000ns
    Discrete Jitter          (DJ):    0.000ns
    Phase Error              (PE):    0.000ns

    Location             Delay type                Incr(ns)  Path(ns)    Netlist Resource(s)
  -------------------------------------------------------------------    -------------------
                         (clock sys_clk_pin rise edge)
                                                      0.000     0.000 r  
    E3                                                0.000     0.000 r  clock (IN)
                         net (fo=0)                   0.000     0.000    clock
    E3                   IBUF (Prop_ibuf_I_O)         1.482     1.482 r  clock_IBUF_inst/O
                         net (fo=1, routed)           2.025     3.506    clock_IBUF
    BUFGCTRL_X0Y16       BUFG (Prop_bufg_I_O)         0.096     3.602 r  clock_IBUF_BUFG_inst/O
                         net (fo=41, routed)          1.713     5.316    clock_IBUF_BUFG
    SLICE_X3Y80          FDCE                                         r  FSM_sequential_current_state_reg[2]/C
  -------------------------------------------------------------------    -------------------
    SLICE_X3Y80          FDCE (Prop_fdce_C_Q)         0.456     5.772 r  FSM_sequential_current_state_reg[2]/Q
                         net (fo=74, routed)          1.638     7.409    current_state[2]
    SLICE_X3Y83          LUT6 (Prop_lut6_I0_O)        0.124     7.533 r  reg1[11]_i_19/O
                         net (fo=1, routed)           0.332     7.865    reg1[11]_i_19_n_0
    SLICE_X2Y83          CARRY4 (Prop_carry4_DI[1]_CO[3])
                                                      0.520     8.385 r  reg1_reg[11]_i_5/CO[3]
                         net (fo=1, routed)           0.000     8.385    reg1_reg[11]_i_5_n_0
    SLICE_X2Y84          CARRY4 (Prop_carry4_CI_CO[1])
                                                      0.157     8.542 r  reg1_reg[11]_i_3/CO[1]
                         net (fo=2, routed)           0.441     8.983    greaterBit
    SLICE_X2Y82          LUT6 (Prop_lut6_I4_O)        0.332     9.315 r  reg2[11]_i_1/O
                         net (fo=12, routed)          0.574     9.889    next_reg2
    SLICE_X1Y81          FDCE                                         r  reg2_reg[0]/CE
  -------------------------------------------------------------------    -------------------

                         (clock sys_clk_pin rise edge)
                                                     10.000    10.000 r  
    E3                                                0.000    10.000 r  clock (IN)
                         net (fo=0)                   0.000    10.000    clock
    E3                   IBUF (Prop_ibuf_I_O)         1.411    11.411 r  clock_IBUF_inst/O
                         net (fo=1, routed)           1.920    13.331    clock_IBUF
    BUFGCTRL_X0Y16       BUFG (Prop_bufg_I_O)         0.091    13.422 r  clock_IBUF_BUFG_inst/O
                         net (fo=41, routed)          1.595    15.018    clock_IBUF_BUFG
    SLICE_X1Y81          FDCE                                         r  reg2_reg[0]/C
                         clock pessimism              0.275    15.293    
                         clock uncertainty           -0.035    15.257    
    SLICE_X1Y81          FDCE (Setup_fdce_C_CE)      -0.205    15.052    reg2_reg[0]
  -------------------------------------------------------------------
                         required time                         15.052    
                         arrival time                          -9.889    
  -------------------------------------------------------------------
                         slack                                  5.164    

Slack (MET) :             5.164ns  (required time - arrival time)
  Source:                 FSM_sequential_current_state_reg[2]/C
                            (rising edge-triggered cell FDCE clocked by sys_clk_pin  {rise@0.000ns fall@5.000ns period=10.000ns})
  Destination:            reg2_reg[10]/CE
                            (rising edge-triggered cell FDCE clocked by sys_clk_pin  {rise@0.000ns fall@5.000ns period=10.000ns})
  Path Group:             sys_clk_pin
  Path Type:              Setup (Max at Slow Process Corner)
  Requirement:            10.000ns  (sys_clk_pin rise@10.000ns - sys_clk_pin rise@0.000ns)
  Data Path Delay:        4.573ns  (logic 1.589ns (34.747%)  route 2.984ns (65.253%))
  Logic Levels:           4  (CARRY4=2 LUT6=2)
  Clock Path Skew:        -0.023ns (DCD - SCD + CPR)
    Destination Clock Delay (DCD):    5.018ns = ( 15.018 - 10.000 ) 
    Source Clock Delay      (SCD):    5.316ns
    Clock Pessimism Removal (CPR):    0.275ns
  Clock Uncertainty:      0.035ns  ((TSJ^2 + TIJ^2)^1/2 + DJ) / 2 + PE
    Total System Jitter     (TSJ):    0.071ns
    Total Input Jitter      (TIJ):    0.000ns
    Discrete Jitter          (DJ):    0.000ns
    Phase Error              (PE):    0.000ns

    Location             Delay type                Incr(ns)  Path(ns)    Netlist Resource(s)
  -------------------------------------------------------------------    -------------------
                         (clock sys_clk_pin rise edge)
                                                      0.000     0.000 r  
    E3                                                0.000     0.000 r  clock (IN)
                         net (fo=0)                   0.000     0.000    clock
    E3                   IBUF (Prop_ibuf_I_O)         1.482     1.482 r  clock_IBUF_inst/O
                         net (fo=1, routed)           2.025     3.506    clock_IBUF
    BUFGCTRL_X0Y16       BUFG (Prop_bufg_I_O)         0.096     3.602 r  clock_IBUF_BUFG_inst/O
                         net (fo=41, routed)          1.713     5.316    clock_IBUF_BUFG
    SLICE_X3Y80          FDCE                                         r  FSM_sequential_current_state_reg[2]/C
  -------------------------------------------------------------------    -------------------
    SLICE_X3Y80          FDCE (Prop_fdce_C_Q)         0.456     5.772 r  FSM_sequential_current_state_reg[2]/Q
                         net (fo=74, routed)          1.638     7.409    current_state[2]
    SLICE_X3Y83          LUT6 (Prop_lut6_I0_O)        0.124     7.533 r  reg1[11]_i_19/O
                         net (fo=1, routed)           0.332     7.865    reg1[11]_i_19_n_0
    SLICE_X2Y83          CARRY4 (Prop_carry4_DI[1]_CO[3])
                                                      0.520     8.385 r  reg1_reg[11]_i_5/CO[3]
                         net (fo=1, routed)           0.000     8.385    reg1_reg[11]_i_5_n_0
    SLICE_X2Y84          CARRY4 (Prop_carry4_CI_CO[1])
                                                      0.157     8.542 r  reg1_reg[11]_i_3/CO[1]
                         net (fo=2, routed)           0.441     8.983    greaterBit
    SLICE_X2Y82          LUT6 (Prop_lut6_I4_O)        0.332     9.315 r  reg2[11]_i_1/O
                         net (fo=12, routed)          0.574     9.889    next_reg2
    SLICE_X1Y81          FDCE                                         r  reg2_reg[10]/CE
  -------------------------------------------------------------------    -------------------

                         (clock sys_clk_pin rise edge)
                                                     10.000    10.000 r  
    E3                                                0.000    10.000 r  clock (IN)
                         net (fo=0)                   0.000    10.000    clock
    E3                   IBUF (Prop_ibuf_I_O)         1.411    11.411 r  clock_IBUF_inst/O
                         net (fo=1, routed)           1.920    13.331    clock_IBUF
    BUFGCTRL_X0Y16       BUFG (Prop_bufg_I_O)         0.091    13.422 r  clock_IBUF_BUFG_inst/O
                         net (fo=41, routed)          1.595    15.018    clock_IBUF_BUFG
    SLICE_X1Y81          FDCE                                         r  reg2_reg[10]/C
                         clock pessimism              0.275    15.293    
                         clock uncertainty           -0.035    15.257    
    SLICE_X1Y81          FDCE (Setup_fdce_C_CE)      -0.205    15.052    reg2_reg[10]
  -------------------------------------------------------------------
                         required time                         15.052    
                         arrival time                          -9.889    
  -------------------------------------------------------------------
                         slack                                  5.164    

Slack (MET) :             5.164ns  (required time - arrival time)
  Source:                 FSM_sequential_current_state_reg[2]/C
                            (rising edge-triggered cell FDCE clocked by sys_clk_pin  {rise@0.000ns fall@5.000ns period=10.000ns})
  Destination:            reg2_reg[1]/CE
                            (rising edge-triggered cell FDCE clocked by sys_clk_pin  {rise@0.000ns fall@5.000ns period=10.000ns})
  Path Group:             sys_clk_pin
  Path Type:              Setup (Max at Slow Process Corner)
  Requirement:            10.000ns  (sys_clk_pin rise@10.000ns - sys_clk_pin rise@0.000ns)
  Data Path Delay:        4.573ns  (logic 1.589ns (34.747%)  route 2.984ns (65.253%))
  Logic Levels:           4  (CARRY4=2 LUT6=2)
  Clock Path Skew:        -0.023ns (DCD - SCD + CPR)
    Destination Clock Delay (DCD):    5.018ns = ( 15.018 - 10.000 ) 
    Source Clock Delay      (SCD):    5.316ns
    Clock Pessimism Removal (CPR):    0.275ns
  Clock Uncertainty:      0.035ns  ((TSJ^2 + TIJ^2)^1/2 + DJ) / 2 + PE
    Total System Jitter     (TSJ):    0.071ns
    Total Input Jitter      (TIJ):    0.000ns
    Discrete Jitter          (DJ):    0.000ns
    Phase Error              (PE):    0.000ns

    Location             Delay type                Incr(ns)  Path(ns)    Netlist Resource(s)
  -------------------------------------------------------------------    -------------------
                         (clock sys_clk_pin rise edge)
                                                      0.000     0.000 r  
    E3                                                0.000     0.000 r  clock (IN)
                         net (fo=0)                   0.000     0.000    clock
    E3                   IBUF (Prop_ibuf_I_O)         1.482     1.482 r  clock_IBUF_inst/O
                         net (fo=1, routed)           2.025     3.506    clock_IBUF
    BUFGCTRL_X0Y16       BUFG (Prop_bufg_I_O)         0.096     3.602 r  clock_IBUF_BUFG_inst/O
                         net (fo=41, routed)          1.713     5.316    clock_IBUF_BUFG
    SLICE_X3Y80          FDCE                                         r  FSM_sequential_current_state_reg[2]/C
  -------------------------------------------------------------------    -------------------
    SLICE_X3Y80          FDCE (Prop_fdce_C_Q)         0.456     5.772 r  FSM_sequential_current_state_reg[2]/Q
                         net (fo=74, routed)          1.638     7.409    current_state[2]
    SLICE_X3Y83          LUT6 (Prop_lut6_I0_O)        0.124     7.533 r  reg1[11]_i_19/O
                         net (fo=1, routed)           0.332     7.865    reg1[11]_i_19_n_0
    SLICE_X2Y83          CARRY4 (Prop_carry4_DI[1]_CO[3])
                                                      0.520     8.385 r  reg1_reg[11]_i_5/CO[3]
                         net (fo=1, routed)           0.000     8.385    reg1_reg[11]_i_5_n_0
    SLICE_X2Y84          CARRY4 (Prop_carry4_CI_CO[1])
                                                      0.157     8.542 r  reg1_reg[11]_i_3/CO[1]
                         net (fo=2, routed)           0.441     8.983    greaterBit
    SLICE_X2Y82          LUT6 (Prop_lut6_I4_O)        0.332     9.315 r  reg2[11]_i_1/O
                         net (fo=12, routed)          0.574     9.889    next_reg2
    SLICE_X1Y81          FDCE                                         r  reg2_reg[1]/CE
  -------------------------------------------------------------------    -------------------

                         (clock sys_clk_pin rise edge)
                                                     10.000    10.000 r  
    E3                                                0.000    10.000 r  clock (IN)
                         net (fo=0)                   0.000    10.000    clock
    E3                   IBUF (Prop_ibuf_I_O)         1.411    11.411 r  clock_IBUF_inst/O
                         net (fo=1, routed)           1.920    13.331    clock_IBUF
    BUFGCTRL_X0Y16       BUFG (Prop_bufg_I_O)         0.091    13.422 r  clock_IBUF_BUFG_inst/O
                         net (fo=41, routed)          1.595    15.018    clock_IBUF_BUFG
    SLICE_X1Y81          FDCE                                         r  reg2_reg[1]/C
                         clock pessimism              0.275    15.293    
                         clock uncertainty           -0.035    15.257    
    SLICE_X1Y81          FDCE (Setup_fdce_C_CE)      -0.205    15.052    reg2_reg[1]
  -------------------------------------------------------------------
                         required time                         15.052    
                         arrival time                          -9.889    
  -------------------------------------------------------------------
                         slack                                  5.164    

Slack (MET) :             5.164ns  (required time - arrival time)
  Source:                 FSM_sequential_current_state_reg[2]/C
                            (rising edge-triggered cell FDCE clocked by sys_clk_pin  {rise@0.000ns fall@5.000ns period=10.000ns})
  Destination:            reg2_reg[3]/CE
                            (rising edge-triggered cell FDCE clocked by sys_clk_pin  {rise@0.000ns fall@5.000ns period=10.000ns})
  Path Group:             sys_clk_pin
  Path Type:              Setup (Max at Slow Process Corner)
  Requirement:            10.000ns  (sys_clk_pin rise@10.000ns - sys_clk_pin rise@0.000ns)
  Data Path Delay:        4.573ns  (logic 1.589ns (34.747%)  route 2.984ns (65.253%))
  Logic Levels:           4  (CARRY4=2 LUT6=2)
  Clock Path Skew:        -0.023ns (DCD - SCD + CPR)
    Destination Clock Delay (DCD):    5.018ns = ( 15.018 - 10.000 ) 
    Source Clock Delay      (SCD):    5.316ns
    Clock Pessimism Removal (CPR):    0.275ns
  Clock Uncertainty:      0.035ns  ((TSJ^2 + TIJ^2)^1/2 + DJ) / 2 + PE
    Total System Jitter     (TSJ):    0.071ns
    Total Input Jitter      (TIJ):    0.000ns
    Discrete Jitter          (DJ):    0.000ns
    Phase Error              (PE):    0.000ns

    Location             Delay type                Incr(ns)  Path(ns)    Netlist Resource(s)
  -------------------------------------------------------------------    -------------------
                         (clock sys_clk_pin rise edge)
                                                      0.000     0.000 r  
    E3                                                0.000     0.000 r  clock (IN)
                         net (fo=0)                   0.000     0.000    clock
    E3                   IBUF (Prop_ibuf_I_O)         1.482     1.482 r  clock_IBUF_inst/O
                         net (fo=1, routed)           2.025     3.506    clock_IBUF
    BUFGCTRL_X0Y16       BUFG (Prop_bufg_I_O)         0.096     3.602 r  clock_IBUF_BUFG_inst/O
                         net (fo=41, routed)          1.713     5.316    clock_IBUF_BUFG
    SLICE_X3Y80          FDCE                                         r  FSM_sequential_current_state_reg[2]/C
  -------------------------------------------------------------------    -------------------
    SLICE_X3Y80          FDCE (Prop_fdce_C_Q)         0.456     5.772 r  FSM_sequential_current_state_reg[2]/Q
                         net (fo=74, routed)          1.638     7.409    current_state[2]
    SLICE_X3Y83          LUT6 (Prop_lut6_I0_O)        0.124     7.533 r  reg1[11]_i_19/O
                         net (fo=1, routed)           0.332     7.865    reg1[11]_i_19_n_0
    SLICE_X2Y83          CARRY4 (Prop_carry4_DI[1]_CO[3])
                                                      0.520     8.385 r  reg1_reg[11]_i_5/CO[3]
                         net (fo=1, routed)           0.000     8.385    reg1_reg[11]_i_5_n_0
    SLICE_X2Y84          CARRY4 (Prop_carry4_CI_CO[1])
                                                      0.157     8.542 r  reg1_reg[11]_i_3/CO[1]
                         net (fo=2, routed)           0.441     8.983    greaterBit
    SLICE_X2Y82          LUT6 (Prop_lut6_I4_O)        0.332     9.315 r  reg2[11]_i_1/O
                         net (fo=12, routed)          0.574     9.889    next_reg2
    SLICE_X1Y81          FDCE                                         r  reg2_reg[3]/CE
  -------------------------------------------------------------------    -------------------

                         (clock sys_clk_pin rise edge)
                                                     10.000    10.000 r  
    E3                                                0.000    10.000 r  clock (IN)
                         net (fo=0)                   0.000    10.000    clock
    E3                   IBUF (Prop_ibuf_I_O)         1.411    11.411 r  clock_IBUF_inst/O
                         net (fo=1, routed)           1.920    13.331    clock_IBUF
    BUFGCTRL_X0Y16       BUFG (Prop_bufg_I_O)         0.091    13.422 r  clock_IBUF_BUFG_inst/O
                         net (fo=41, routed)          1.595    15.018    clock_IBUF_BUFG
    SLICE_X1Y81          FDCE                                         r  reg2_reg[3]/C
                         clock pessimism              0.275    15.293    
                         clock uncertainty           -0.035    15.257    
    SLICE_X1Y81          FDCE (Setup_fdce_C_CE)      -0.205    15.052    reg2_reg[3]
  -------------------------------------------------------------------
                         required time                         15.052    
                         arrival time                          -9.889    
  -------------------------------------------------------------------
                         slack                                  5.164    

Slack (MET) :             5.184ns  (required time - arrival time)
  Source:                 FSM_sequential_current_state_reg[2]/C
                            (rising edge-triggered cell FDCE clocked by sys_clk_pin  {rise@0.000ns fall@5.000ns period=10.000ns})
  Destination:            reg1_reg[2]/CE
                            (rising edge-triggered cell FDCE clocked by sys_clk_pin  {rise@0.000ns fall@5.000ns period=10.000ns})
  Path Group:             sys_clk_pin
  Path Type:              Setup (Max at Slow Process Corner)
  Requirement:            10.000ns  (sys_clk_pin rise@10.000ns - sys_clk_pin rise@0.000ns)
  Data Path Delay:        4.537ns  (logic 1.589ns (35.026%)  route 2.948ns (64.974%))
  Logic Levels:           4  (CARRY4=2 LUT5=1 LUT6=1)
  Clock Path Skew:        -0.039ns (DCD - SCD + CPR)
    Destination Clock Delay (DCD):    5.018ns = ( 15.018 - 10.000 ) 
    Source Clock Delay      (SCD):    5.316ns
    Clock Pessimism Removal (CPR):    0.259ns
  Clock Uncertainty:      0.035ns  ((TSJ^2 + TIJ^2)^1/2 + DJ) / 2 + PE
    Total System Jitter     (TSJ):    0.071ns
    Total Input Jitter      (TIJ):    0.000ns
    Discrete Jitter          (DJ):    0.000ns
    Phase Error              (PE):    0.000ns

    Location             Delay type                Incr(ns)  Path(ns)    Netlist Resource(s)
  -------------------------------------------------------------------    -------------------
                         (clock sys_clk_pin rise edge)
                                                      0.000     0.000 r  
    E3                                                0.000     0.000 r  clock (IN)
                         net (fo=0)                   0.000     0.000    clock
    E3                   IBUF (Prop_ibuf_I_O)         1.482     1.482 r  clock_IBUF_inst/O
                         net (fo=1, routed)           2.025     3.506    clock_IBUF
    BUFGCTRL_X0Y16       BUFG (Prop_bufg_I_O)         0.096     3.602 r  clock_IBUF_BUFG_inst/O
                         net (fo=41, routed)          1.713     5.316    clock_IBUF_BUFG
    SLICE_X3Y80          FDCE                                         r  FSM_sequential_current_state_reg[2]/C
  -------------------------------------------------------------------    -------------------
    SLICE_X3Y80          FDCE (Prop_fdce_C_Q)         0.456     5.772 r  FSM_sequential_current_state_reg[2]/Q
                         net (fo=74, routed)          1.638     7.409    current_state[2]
    SLICE_X3Y83          LUT6 (Prop_lut6_I0_O)        0.124     7.533 r  reg1[11]_i_19/O
                         net (fo=1, routed)           0.332     7.865    reg1[11]_i_19_n_0
    SLICE_X2Y83          CARRY4 (Prop_carry4_DI[1]_CO[3])
                                                      0.520     8.385 r  reg1_reg[11]_i_5/CO[3]
                         net (fo=1, routed)           0.000     8.385    reg1_reg[11]_i_5_n_0
    SLICE_X2Y84          CARRY4 (Prop_carry4_CI_CO[1])
                                                      0.157     8.542 r  reg1_reg[11]_i_3/CO[1]
                         net (fo=2, routed)           0.437     8.979    greaterBit
    SLICE_X2Y82          LUT5 (Prop_lut5_I3_O)        0.332     9.311 r  reg1[11]_i_1/O
                         net (fo=12, routed)          0.541     9.852    next_reg1
    SLICE_X4Y82          FDCE                                         r  reg1_reg[2]/CE
  -------------------------------------------------------------------    -------------------

                         (clock sys_clk_pin rise edge)
                                                     10.000    10.000 r  
    E3                                                0.000    10.000 r  clock (IN)
                         net (fo=0)                   0.000    10.000    clock
    E3                   IBUF (Prop_ibuf_I_O)         1.411    11.411 r  clock_IBUF_inst/O
                         net (fo=1, routed)           1.920    13.331    clock_IBUF
    BUFGCTRL_X0Y16       BUFG (Prop_bufg_I_O)         0.091    13.422 r  clock_IBUF_BUFG_inst/O
                         net (fo=41, routed)          1.595    15.018    clock_IBUF_BUFG
    SLICE_X4Y82          FDCE                                         r  reg1_reg[2]/C
                         clock pessimism              0.259    15.277    
                         clock uncertainty           -0.035    15.241    
    SLICE_X4Y82          FDCE (Setup_fdce_C_CE)      -0.205    15.036    reg1_reg[2]
  -------------------------------------------------------------------
                         required time                         15.036    
                         arrival time                          -9.852    
  -------------------------------------------------------------------
                         slack                                  5.184    

Slack (MET) :             5.184ns  (required time - arrival time)
  Source:                 FSM_sequential_current_state_reg[2]/C
                            (rising edge-triggered cell FDCE clocked by sys_clk_pin  {rise@0.000ns fall@5.000ns period=10.000ns})
  Destination:            reg1_reg[8]/CE
                            (rising edge-triggered cell FDCE clocked by sys_clk_pin  {rise@0.000ns fall@5.000ns period=10.000ns})
  Path Group:             sys_clk_pin
  Path Type:              Setup (Max at Slow Process Corner)
  Requirement:            10.000ns  (sys_clk_pin rise@10.000ns - sys_clk_pin rise@0.000ns)
  Data Path Delay:        4.537ns  (logic 1.589ns (35.026%)  route 2.948ns (64.974%))
  Logic Levels:           4  (CARRY4=2 LUT5=1 LUT6=1)
  Clock Path Skew:        -0.039ns (DCD - SCD + CPR)
    Destination Clock Delay (DCD):    5.018ns = ( 15.018 - 10.000 ) 
    Source Clock Delay      (SCD):    5.316ns
    Clock Pessimism Removal (CPR):    0.259ns
  Clock Uncertainty:      0.035ns  ((TSJ^2 + TIJ^2)^1/2 + DJ) / 2 + PE
    Total System Jitter     (TSJ):    0.071ns
    Total Input Jitter      (TIJ):    0.000ns
    Discrete Jitter          (DJ):    0.000ns
    Phase Error              (PE):    0.000ns

    Location             Delay type                Incr(ns)  Path(ns)    Netlist Resource(s)
  -------------------------------------------------------------------    -------------------
                         (clock sys_clk_pin rise edge)
                                                      0.000     0.000 r  
    E3                                                0.000     0.000 r  clock (IN)
                         net (fo=0)                   0.000     0.000    clock
    E3                   IBUF (Prop_ibuf_I_O)         1.482     1.482 r  clock_IBUF_inst/O
                         net (fo=1, routed)           2.025     3.506    clock_IBUF
    BUFGCTRL_X0Y16       BUFG (Prop_bufg_I_O)         0.096     3.602 r  clock_IBUF_BUFG_inst/O
                         net (fo=41, routed)          1.713     5.316    clock_IBUF_BUFG
    SLICE_X3Y80          FDCE                                         r  FSM_sequential_current_state_reg[2]/C
  -------------------------------------------------------------------    -------------------
    SLICE_X3Y80          FDCE (Prop_fdce_C_Q)         0.456     5.772 r  FSM_sequential_current_state_reg[2]/Q
                         net (fo=74, routed)          1.638     7.409    current_state[2]
    SLICE_X3Y83          LUT6 (Prop_lut6_I0_O)        0.124     7.533 r  reg1[11]_i_19/O
                         net (fo=1, routed)           0.332     7.865    reg1[11]_i_19_n_0
    SLICE_X2Y83          CARRY4 (Prop_carry4_DI[1]_CO[3])
                                                      0.520     8.385 r  reg1_reg[11]_i_5/CO[3]
                         net (fo=1, routed)           0.000     8.385    reg1_reg[11]_i_5_n_0
    SLICE_X2Y84          CARRY4 (Prop_carry4_CI_CO[1])
                                                      0.157     8.542 r  reg1_reg[11]_i_3/CO[1]
                         net (fo=2, routed)           0.437     8.979    greaterBit
    SLICE_X2Y82          LUT5 (Prop_lut5_I3_O)        0.332     9.311 r  reg1[11]_i_1/O
                         net (fo=12, routed)          0.541     9.852    next_reg1
    SLICE_X4Y82          FDCE                                         r  reg1_reg[8]/CE
  -------------------------------------------------------------------    -------------------

                         (clock sys_clk_pin rise edge)
                                                     10.000    10.000 r  
    E3                                                0.000    10.000 r  clock (IN)
                         net (fo=0)                   0.000    10.000    clock
    E3                   IBUF (Prop_ibuf_I_O)         1.411    11.411 r  clock_IBUF_inst/O
                         net (fo=1, routed)           1.920    13.331    clock_IBUF
    BUFGCTRL_X0Y16       BUFG (Prop_bufg_I_O)         0.091    13.422 r  clock_IBUF_BUFG_inst/O
                         net (fo=41, routed)          1.595    15.018    clock_IBUF_BUFG
    SLICE_X4Y82          FDCE                                         r  reg1_reg[8]/C
                         clock pessimism              0.259    15.277    
                         clock uncertainty           -0.035    15.241    
    SLICE_X4Y82          FDCE (Setup_fdce_C_CE)      -0.205    15.036    reg1_reg[8]
  -------------------------------------------------------------------
                         required time                         15.036    
                         arrival time                          -9.852    
  -------------------------------------------------------------------
                         slack                                  5.184    

Slack (MET) :             5.184ns  (required time - arrival time)
  Source:                 FSM_sequential_current_state_reg[2]/C
                            (rising edge-triggered cell FDCE clocked by sys_clk_pin  {rise@0.000ns fall@5.000ns period=10.000ns})
  Destination:            reg1_reg[9]/CE
                            (rising edge-triggered cell FDCE clocked by sys_clk_pin  {rise@0.000ns fall@5.000ns period=10.000ns})
  Path Group:             sys_clk_pin
  Path Type:              Setup (Max at Slow Process Corner)
  Requirement:            10.000ns  (sys_clk_pin rise@10.000ns - sys_clk_pin rise@0.000ns)
  Data Path Delay:        4.537ns  (logic 1.589ns (35.026%)  route 2.948ns (64.974%))
  Logic Levels:           4  (CARRY4=2 LUT5=1 LUT6=1)
  Clock Path Skew:        -0.039ns (DCD - SCD + CPR)
    Destination Clock Delay (DCD):    5.018ns = ( 15.018 - 10.000 ) 
    Source Clock Delay      (SCD):    5.316ns
    Clock Pessimism Removal (CPR):    0.259ns
  Clock Uncertainty:      0.035ns  ((TSJ^2 + TIJ^2)^1/2 + DJ) / 2 + PE
    Total System Jitter     (TSJ):    0.071ns
    Total Input Jitter      (TIJ):    0.000ns
    Discrete Jitter          (DJ):    0.000ns
    Phase Error              (PE):    0.000ns

    Location             Delay type                Incr(ns)  Path(ns)    Netlist Resource(s)
  -------------------------------------------------------------------    -------------------
                         (clock sys_clk_pin rise edge)
                                                      0.000     0.000 r  
    E3                                                0.000     0.000 r  clock (IN)
                         net (fo=0)                   0.000     0.000    clock
    E3                   IBUF (Prop_ibuf_I_O)         1.482     1.482 r  clock_IBUF_inst/O
                         net (fo=1, routed)           2.025     3.506    clock_IBUF
    BUFGCTRL_X0Y16       BUFG (Prop_bufg_I_O)         0.096     3.602 r  clock_IBUF_BUFG_inst/O
                         net (fo=41, routed)          1.713     5.316    clock_IBUF_BUFG
    SLICE_X3Y80          FDCE                                         r  FSM_sequential_current_state_reg[2]/C
  -------------------------------------------------------------------    -------------------
    SLICE_X3Y80          FDCE (Prop_fdce_C_Q)         0.456     5.772 r  FSM_sequential_current_state_reg[2]/Q
                         net (fo=74, routed)          1.638     7.409    current_state[2]
    SLICE_X3Y83          LUT6 (Prop_lut6_I0_O)        0.124     7.533 r  reg1[11]_i_19/O
                         net (fo=1, routed)           0.332     7.865    reg1[11]_i_19_n_0
    SLICE_X2Y83          CARRY4 (Prop_carry4_DI[1]_CO[3])
                                                      0.520     8.385 r  reg1_reg[11]_i_5/CO[3]
                         net (fo=1, routed)           0.000     8.385    reg1_reg[11]_i_5_n_0
    SLICE_X2Y84          CARRY4 (Prop_carry4_CI_CO[1])
                                                      0.157     8.542 r  reg1_reg[11]_i_3/CO[1]
                         net (fo=2, routed)           0.437     8.979    greaterBit
    SLICE_X2Y82          LUT5 (Prop_lut5_I3_O)        0.332     9.311 r  reg1[11]_i_1/O
                         net (fo=12, routed)          0.541     9.852    next_reg1
    SLICE_X4Y82          FDCE                                         r  reg1_reg[9]/CE
  -------------------------------------------------------------------    -------------------

                         (clock sys_clk_pin rise edge)
                                                     10.000    10.000 r  
    E3                                                0.000    10.000 r  clock (IN)
                         net (fo=0)                   0.000    10.000    clock
    E3                   IBUF (Prop_ibuf_I_O)         1.411    11.411 r  clock_IBUF_inst/O
                         net (fo=1, routed)           1.920    13.331    clock_IBUF
    BUFGCTRL_X0Y16       BUFG (Prop_bufg_I_O)         0.091    13.422 r  clock_IBUF_BUFG_inst/O
                         net (fo=41, routed)          1.595    15.018    clock_IBUF_BUFG
    SLICE_X4Y82          FDCE                                         r  reg1_reg[9]/C
                         clock pessimism              0.259    15.277    
                         clock uncertainty           -0.035    15.241    
    SLICE_X4Y82          FDCE (Setup_fdce_C_CE)      -0.205    15.036    reg1_reg[9]
  -------------------------------------------------------------------
                         required time                         15.036    
                         arrival time                          -9.852    
  -------------------------------------------------------------------
                         slack                                  5.184    

Slack (MET) :             5.215ns  (required time - arrival time)
  Source:                 FSM_sequential_current_state_reg[2]/C
                            (rising edge-triggered cell FDCE clocked by sys_clk_pin  {rise@0.000ns fall@5.000ns period=10.000ns})
  Destination:            reg2_reg[11]/CE
                            (rising edge-triggered cell FDCE clocked by sys_clk_pin  {rise@0.000ns fall@5.000ns period=10.000ns})
  Path Group:             sys_clk_pin
  Path Type:              Setup (Max at Slow Process Corner)
  Requirement:            10.000ns  (sys_clk_pin rise@10.000ns - sys_clk_pin rise@0.000ns)
  Data Path Delay:        4.524ns  (logic 1.589ns (35.121%)  route 2.935ns (64.879%))
  Logic Levels:           4  (CARRY4=2 LUT6=2)
  Clock Path Skew:        -0.020ns (DCD - SCD + CPR)
    Destination Clock Delay (DCD):    5.021ns = ( 15.021 - 10.000 ) 
    Source Clock Delay      (SCD):    5.316ns
    Clock Pessimism Removal (CPR):    0.275ns
  Clock Uncertainty:      0.035ns  ((TSJ^2 + TIJ^2)^1/2 + DJ) / 2 + PE
    Total System Jitter     (TSJ):    0.071ns
    Total Input Jitter      (TIJ):    0.000ns
    Discrete Jitter          (DJ):    0.000ns
    Phase Error              (PE):    0.000ns

    Location             Delay type                Incr(ns)  Path(ns)    Netlist Resource(s)
  -------------------------------------------------------------------    -------------------
                         (clock sys_clk_pin rise edge)
                                                      0.000     0.000 r  
    E3                                                0.000     0.000 r  clock (IN)
                         net (fo=0)                   0.000     0.000    clock
    E3                   IBUF (Prop_ibuf_I_O)         1.482     1.482 r  clock_IBUF_inst/O
                         net (fo=1, routed)           2.025     3.506    clock_IBUF
    BUFGCTRL_X0Y16       BUFG (Prop_bufg_I_O)         0.096     3.602 r  clock_IBUF_BUFG_inst/O
                         net (fo=41, routed)          1.713     5.316    clock_IBUF_BUFG
    SLICE_X3Y80          FDCE                                         r  FSM_sequential_current_state_reg[2]/C
  -------------------------------------------------------------------    -------------------
    SLICE_X3Y80          FDCE (Prop_fdce_C_Q)         0.456     5.772 r  FSM_sequential_current_state_reg[2]/Q
                         net (fo=74, routed)          1.638     7.409    current_state[2]
    SLICE_X3Y83          LUT6 (Prop_lut6_I0_O)        0.124     7.533 r  reg1[11]_i_19/O
                         net (fo=1, routed)           0.332     7.865    reg1[11]_i_19_n_0
    SLICE_X2Y83          CARRY4 (Prop_carry4_DI[1]_CO[3])
                                                      0.520     8.385 r  reg1_reg[11]_i_5/CO[3]
                         net (fo=1, routed)           0.000     8.385    reg1_reg[11]_i_5_n_0
    SLICE_X2Y84          CARRY4 (Prop_carry4_CI_CO[1])
                                                      0.157     8.542 r  reg1_reg[11]_i_3/CO[1]
                         net (fo=2, routed)           0.441     8.983    greaterBit
    SLICE_X2Y82          LUT6 (Prop_lut6_I4_O)        0.332     9.315 r  reg2[11]_i_1/O
                         net (fo=12, routed)          0.525     9.840    next_reg2
    SLICE_X0Y83          FDCE                                         r  reg2_reg[11]/CE
  -------------------------------------------------------------------    -------------------

                         (clock sys_clk_pin rise edge)
                                                     10.000    10.000 r  
    E3                                                0.000    10.000 r  clock (IN)
                         net (fo=0)                   0.000    10.000    clock
    E3                   IBUF (Prop_ibuf_I_O)         1.411    11.411 r  clock_IBUF_inst/O
                         net (fo=1, routed)           1.920    13.331    clock_IBUF
    BUFGCTRL_X0Y16       BUFG (Prop_bufg_I_O)         0.091    13.422 r  clock_IBUF_BUFG_inst/O
                         net (fo=41, routed)          1.598    15.021    clock_IBUF_BUFG
    SLICE_X0Y83          FDCE                                         r  reg2_reg[11]/C
                         clock pessimism              0.275    15.296    
                         clock uncertainty           -0.035    15.260    
    SLICE_X0Y83          FDCE (Setup_fdce_C_CE)      -0.205    15.055    reg2_reg[11]
  -------------------------------------------------------------------
                         required time                         15.055    
                         arrival time                          -9.840    
  -------------------------------------------------------------------
                         slack                                  5.215    

Slack (MET) :             5.215ns  (required time - arrival time)
  Source:                 FSM_sequential_current_state_reg[2]/C
                            (rising edge-triggered cell FDCE clocked by sys_clk_pin  {rise@0.000ns fall@5.000ns period=10.000ns})
  Destination:            reg2_reg[4]/CE
                            (rising edge-triggered cell FDCE clocked by sys_clk_pin  {rise@0.000ns fall@5.000ns period=10.000ns})
  Path Group:             sys_clk_pin
  Path Type:              Setup (Max at Slow Process Corner)
  Requirement:            10.000ns  (sys_clk_pin rise@10.000ns - sys_clk_pin rise@0.000ns)
  Data Path Delay:        4.524ns  (logic 1.589ns (35.121%)  route 2.935ns (64.879%))
  Logic Levels:           4  (CARRY4=2 LUT6=2)
  Clock Path Skew:        -0.020ns (DCD - SCD + CPR)
    Destination Clock Delay (DCD):    5.021ns = ( 15.021 - 10.000 ) 
    Source Clock Delay      (SCD):    5.316ns
    Clock Pessimism Removal (CPR):    0.275ns
  Clock Uncertainty:      0.035ns  ((TSJ^2 + TIJ^2)^1/2 + DJ) / 2 + PE
    Total System Jitter     (TSJ):    0.071ns
    Total Input Jitter      (TIJ):    0.000ns
    Discrete Jitter          (DJ):    0.000ns
    Phase Error              (PE):    0.000ns

    Location             Delay type                Incr(ns)  Path(ns)    Netlist Resource(s)
  -------------------------------------------------------------------    -------------------
                         (clock sys_clk_pin rise edge)
                                                      0.000     0.000 r  
    E3                                                0.000     0.000 r  clock (IN)
                         net (fo=0)                   0.000     0.000    clock
    E3                   IBUF (Prop_ibuf_I_O)         1.482     1.482 r  clock_IBUF_inst/O
                         net (fo=1, routed)           2.025     3.506    clock_IBUF
    BUFGCTRL_X0Y16       BUFG (Prop_bufg_I_O)         0.096     3.602 r  clock_IBUF_BUFG_inst/O
                         net (fo=41, routed)          1.713     5.316    clock_IBUF_BUFG
    SLICE_X3Y80          FDCE                                         r  FSM_sequential_current_state_reg[2]/C
  -------------------------------------------------------------------    -------------------
    SLICE_X3Y80          FDCE (Prop_fdce_C_Q)         0.456     5.772 r  FSM_sequential_current_state_reg[2]/Q
                         net (fo=74, routed)          1.638     7.409    current_state[2]
    SLICE_X3Y83          LUT6 (Prop_lut6_I0_O)        0.124     7.533 r  reg1[11]_i_19/O
                         net (fo=1, routed)           0.332     7.865    reg1[11]_i_19_n_0
    SLICE_X2Y83          CARRY4 (Prop_carry4_DI[1]_CO[3])
                                                      0.520     8.385 r  reg1_reg[11]_i_5/CO[3]
                         net (fo=1, routed)           0.000     8.385    reg1_reg[11]_i_5_n_0
    SLICE_X2Y84          CARRY4 (Prop_carry4_CI_CO[1])
                                                      0.157     8.542 r  reg1_reg[11]_i_3/CO[1]
                         net (fo=2, routed)           0.441     8.983    greaterBit
    SLICE_X2Y82          LUT6 (Prop_lut6_I4_O)        0.332     9.315 r  reg2[11]_i_1/O
                         net (fo=12, routed)          0.525     9.840    next_reg2
    SLICE_X0Y83          FDCE                                         r  reg2_reg[4]/CE
  -------------------------------------------------------------------    -------------------

                         (clock sys_clk_pin rise edge)
                                                     10.000    10.000 r  
    E3                                                0.000    10.000 r  clock (IN)
                         net (fo=0)                   0.000    10.000    clock
    E3                   IBUF (Prop_ibuf_I_O)         1.411    11.411 r  clock_IBUF_inst/O
                         net (fo=1, routed)           1.920    13.331    clock_IBUF
    BUFGCTRL_X0Y16       BUFG (Prop_bufg_I_O)         0.091    13.422 r  clock_IBUF_BUFG_inst/O
                         net (fo=41, routed)          1.598    15.021    clock_IBUF_BUFG
    SLICE_X0Y83          FDCE                                         r  reg2_reg[4]/C
                         clock pessimism              0.275    15.296    
                         clock uncertainty           -0.035    15.260    
    SLICE_X0Y83          FDCE (Setup_fdce_C_CE)      -0.205    15.055    reg2_reg[4]
  -------------------------------------------------------------------
                         required time                         15.055    
                         arrival time                          -9.840    
  -------------------------------------------------------------------
                         slack                                  5.215    





Min Delay Paths
--------------------------------------------------------------------------------------
Slack (MET) :             0.158ns  (arrival time - required time)
  Source:                 reg2_reg[5]/C
                            (rising edge-triggered cell FDCE clocked by sys_clk_pin  {rise@0.000ns fall@5.000ns period=10.000ns})
  Destination:            reg1_reg[5]/D
                            (rising edge-triggered cell FDCE clocked by sys_clk_pin  {rise@0.000ns fall@5.000ns period=10.000ns})
  Path Group:             sys_clk_pin
  Path Type:              Hold (Min at Fast Process Corner)
  Requirement:            0.000ns  (sys_clk_pin rise@0.000ns - sys_clk_pin rise@0.000ns)
  Data Path Delay:        0.263ns  (logic 0.186ns (70.645%)  route 0.077ns (29.355%))
  Logic Levels:           1  (LUT6=1)
  Clock Path Skew:        0.013ns (DCD - SCD - CPR)
    Destination Clock Delay (DCD):    2.035ns
    Source Clock Delay      (SCD):    1.518ns
    Clock Pessimism Removal (CPR):    0.503ns

    Location             Delay type                Incr(ns)  Path(ns)    Netlist Resource(s)
  -------------------------------------------------------------------    -------------------
                         (clock sys_clk_pin rise edge)
                                                      0.000     0.000 r  
    E3                                                0.000     0.000 r  clock (IN)
                         net (fo=0)                   0.000     0.000    clock
    E3                   IBUF (Prop_ibuf_I_O)         0.250     0.250 r  clock_IBUF_inst/O
                         net (fo=1, routed)           0.644     0.894    clock_IBUF
    BUFGCTRL_X0Y16       BUFG (Prop_bufg_I_O)         0.026     0.920 r  clock_IBUF_BUFG_inst/O
                         net (fo=41, routed)          0.599     1.518    clock_IBUF_BUFG
    SLICE_X0Y83          FDCE                                         r  reg2_reg[5]/C
  -------------------------------------------------------------------    -------------------
    SLICE_X0Y83          FDCE (Prop_fdce_C_Q)         0.141     1.659 r  reg2_reg[5]/Q
                         net (fo=5, routed)           0.077     1.737    reg2_reg_n_0_[5]
    SLICE_X1Y83          LUT6 (Prop_lut6_I3_O)        0.045     1.782 r  reg1[5]_i_1/O
                         net (fo=1, routed)           0.000     1.782    reg1[5]_i_1_n_0
    SLICE_X1Y83          FDCE                                         r  reg1_reg[5]/D
  -------------------------------------------------------------------    -------------------

                         (clock sys_clk_pin rise edge)
                                                      0.000     0.000 r  
    E3                                                0.000     0.000 r  clock (IN)
                         net (fo=0)                   0.000     0.000    clock
    E3                   IBUF (Prop_ibuf_I_O)         0.438     0.438 r  clock_IBUF_inst/O
                         net (fo=1, routed)           0.699     1.136    clock_IBUF
    BUFGCTRL_X0Y16       BUFG (Prop_bufg_I_O)         0.029     1.165 r  clock_IBUF_BUFG_inst/O
                         net (fo=41, routed)          0.870     2.035    clock_IBUF_BUFG
    SLICE_X1Y83          FDCE                                         r  reg1_reg[5]/C
                         clock pessimism             -0.503     1.531    
    SLICE_X1Y83          FDCE (Hold_fdce_C_D)         0.092     1.623    reg1_reg[5]
  -------------------------------------------------------------------
                         required time                         -1.623    
                         arrival time                           1.782    
  -------------------------------------------------------------------
                         slack                                  0.158    

Slack (MET) :             0.164ns  (arrival time - required time)
  Source:                 reg1_reg[5]/C
                            (rising edge-triggered cell FDCE clocked by sys_clk_pin  {rise@0.000ns fall@5.000ns period=10.000ns})
  Destination:            reg2_reg[5]/D
                            (rising edge-triggered cell FDCE clocked by sys_clk_pin  {rise@0.000ns fall@5.000ns period=10.000ns})
  Path Group:             sys_clk_pin
  Path Type:              Hold (Min at Fast Process Corner)
  Requirement:            0.000ns  (sys_clk_pin rise@0.000ns - sys_clk_pin rise@0.000ns)
  Data Path Delay:        0.269ns  (logic 0.186ns (69.231%)  route 0.083ns (30.769%))
  Logic Levels:           1  (LUT6=1)
  Clock Path Skew:        0.013ns (DCD - SCD - CPR)
    Destination Clock Delay (DCD):    2.035ns
    Source Clock Delay      (SCD):    1.518ns
    Clock Pessimism Removal (CPR):    0.503ns

    Location             Delay type                Incr(ns)  Path(ns)    Netlist Resource(s)
  -------------------------------------------------------------------    -------------------
                         (clock sys_clk_pin rise edge)
                                                      0.000     0.000 r  
    E3                                                0.000     0.000 r  clock (IN)
                         net (fo=0)                   0.000     0.000    clock
    E3                   IBUF (Prop_ibuf_I_O)         0.250     0.250 r  clock_IBUF_inst/O
                         net (fo=1, routed)           0.644     0.894    clock_IBUF
    BUFGCTRL_X0Y16       BUFG (Prop_bufg_I_O)         0.026     0.920 r  clock_IBUF_BUFG_inst/O
                         net (fo=41, routed)          0.599     1.518    clock_IBUF_BUFG
    SLICE_X1Y83          FDCE                                         r  reg1_reg[5]/C
  -------------------------------------------------------------------    -------------------
    SLICE_X1Y83          FDCE (Prop_fdce_C_Q)         0.141     1.659 r  reg1_reg[5]/Q
                         net (fo=7, routed)           0.083     1.742    reg1_reg_n_0_[5]
    SLICE_X0Y83          LUT6 (Prop_lut6_I4_O)        0.045     1.787 r  reg2[5]_i_1/O
                         net (fo=1, routed)           0.000     1.787    reg2[5]_i_1_n_0
    SLICE_X0Y83          FDCE                                         r  reg2_reg[5]/D
  -------------------------------------------------------------------    -------------------

                         (clock sys_clk_pin rise edge)
                                                      0.000     0.000 r  
    E3                                                0.000     0.000 r  clock (IN)
                         net (fo=0)                   0.000     0.000    clock
    E3                   IBUF (Prop_ibuf_I_O)         0.438     0.438 r  clock_IBUF_inst/O
                         net (fo=1, routed)           0.699     1.136    clock_IBUF
    BUFGCTRL_X0Y16       BUFG (Prop_bufg_I_O)         0.029     1.165 r  clock_IBUF_BUFG_inst/O
                         net (fo=41, routed)          0.870     2.035    clock_IBUF_BUFG
    SLICE_X0Y83          FDCE                                         r  reg2_reg[5]/C
                         clock pessimism             -0.503     1.531    
    SLICE_X0Y83          FDCE (Hold_fdce_C_D)         0.092     1.623    reg2_reg[5]
  -------------------------------------------------------------------
                         required time                         -1.623    
                         arrival time                           1.787    
  -------------------------------------------------------------------
                         slack                                  0.164    

Slack (MET) :             0.192ns  (arrival time - required time)
  Source:                 reg1_reg[2]/C
                            (rising edge-triggered cell FDCE clocked by sys_clk_pin  {rise@0.000ns fall@5.000ns period=10.000ns})
  Destination:            reg2_reg[2]/D
                            (rising edge-triggered cell FDCE clocked by sys_clk_pin  {rise@0.000ns fall@5.000ns period=10.000ns})
  Path Group:             sys_clk_pin
  Path Type:              Hold (Min at Fast Process Corner)
  Requirement:            0.000ns  (sys_clk_pin rise@0.000ns - sys_clk_pin rise@0.000ns)
  Data Path Delay:        0.296ns  (logic 0.186ns (62.835%)  route 0.110ns (37.165%))
  Logic Levels:           1  (LUT6=1)
  Clock Path Skew:        0.013ns (DCD - SCD - CPR)
    Destination Clock Delay (DCD):    2.031ns
    Source Clock Delay      (SCD):    1.516ns
    Clock Pessimism Removal (CPR):    0.501ns

    Location             Delay type                Incr(ns)  Path(ns)    Netlist Resource(s)
  -------------------------------------------------------------------    -------------------
                         (clock sys_clk_pin rise edge)
                                                      0.000     0.000 r  
    E3                                                0.000     0.000 r  clock (IN)
                         net (fo=0)                   0.000     0.000    clock
    E3                   IBUF (Prop_ibuf_I_O)         0.250     0.250 r  clock_IBUF_inst/O
                         net (fo=1, routed)           0.644     0.894    clock_IBUF
    BUFGCTRL_X0Y16       BUFG (Prop_bufg_I_O)         0.026     0.920 r  clock_IBUF_BUFG_inst/O
                         net (fo=41, routed)          0.597     1.516    clock_IBUF_BUFG
    SLICE_X4Y82          FDCE                                         r  reg1_reg[2]/C
  -------------------------------------------------------------------    -------------------
    SLICE_X4Y82          FDCE (Prop_fdce_C_Q)         0.141     1.657 r  reg1_reg[2]/Q
                         net (fo=7, routed)           0.110     1.767    reg1_reg_n_0_[2]
    SLICE_X5Y82          LUT6 (Prop_lut6_I4_O)        0.045     1.812 r  reg2[2]_i_1/O
                         net (fo=1, routed)           0.000     1.812    reg2[2]_i_1_n_0
    SLICE_X5Y82          FDCE                                         r  reg2_reg[2]/D
  -------------------------------------------------------------------    -------------------

                         (clock sys_clk_pin rise edge)
                                                      0.000     0.000 r  
    E3                                                0.000     0.000 r  clock (IN)
                         net (fo=0)                   0.000     0.000    clock
    E3                   IBUF (Prop_ibuf_I_O)         0.438     0.438 r  clock_IBUF_inst/O
                         net (fo=1, routed)           0.699     1.136    clock_IBUF
    BUFGCTRL_X0Y16       BUFG (Prop_bufg_I_O)         0.029     1.165 r  clock_IBUF_BUFG_inst/O
                         net (fo=41, routed)          0.866     2.031    clock_IBUF_BUFG
    SLICE_X5Y82          FDCE                                         r  reg2_reg[2]/C
                         clock pessimism             -0.501     1.529    
    SLICE_X5Y82          FDCE (Hold_fdce_C_D)         0.091     1.620    reg2_reg[2]
  -------------------------------------------------------------------
                         required time                         -1.620    
                         arrival time                           1.812    
  -------------------------------------------------------------------
                         slack                                  0.192    

Slack (MET) :             0.192ns  (arrival time - required time)
  Source:                 reg1_reg[6]/C
                            (rising edge-triggered cell FDCE clocked by sys_clk_pin  {rise@0.000ns fall@5.000ns period=10.000ns})
  Destination:            reg2_reg[6]/D
                            (rising edge-triggered cell FDCE clocked by sys_clk_pin  {rise@0.000ns fall@5.000ns period=10.000ns})
  Path Group:             sys_clk_pin
  Path Type:              Hold (Min at Fast Process Corner)
  Requirement:            0.000ns  (sys_clk_pin rise@0.000ns - sys_clk_pin rise@0.000ns)
  Data Path Delay:        0.296ns  (logic 0.186ns (62.822%)  route 0.110ns (37.178%))
  Logic Levels:           1  (LUT6=1)
  Clock Path Skew:        0.013ns (DCD - SCD - CPR)
    Destination Clock Delay (DCD):    2.030ns
    Source Clock Delay      (SCD):    1.515ns
    Clock Pessimism Removal (CPR):    0.501ns

    Location             Delay type                Incr(ns)  Path(ns)    Netlist Resource(s)
  -------------------------------------------------------------------    -------------------
                         (clock sys_clk_pin rise edge)
                                                      0.000     0.000 r  
    E3                                                0.000     0.000 r  clock (IN)
                         net (fo=0)                   0.000     0.000    clock
    E3                   IBUF (Prop_ibuf_I_O)         0.250     0.250 r  clock_IBUF_inst/O
                         net (fo=1, routed)           0.644     0.894    clock_IBUF
    BUFGCTRL_X0Y16       BUFG (Prop_bufg_I_O)         0.026     0.920 r  clock_IBUF_BUFG_inst/O
                         net (fo=41, routed)          0.596     1.515    clock_IBUF_BUFG
    SLICE_X4Y81          FDCE                                         r  reg1_reg[6]/C
  -------------------------------------------------------------------    -------------------
    SLICE_X4Y81          FDCE (Prop_fdce_C_Q)         0.141     1.656 r  reg1_reg[6]/Q
                         net (fo=7, routed)           0.110     1.766    reg1_reg_n_0_[6]
    SLICE_X5Y81          LUT6 (Prop_lut6_I4_O)        0.045     1.811 r  reg2[6]_i_1/O
                         net (fo=1, routed)           0.000     1.811    reg2[6]_i_1_n_0
    SLICE_X5Y81          FDCE                                         r  reg2_reg[6]/D
  -------------------------------------------------------------------    -------------------

                         (clock sys_clk_pin rise edge)
                                                      0.000     0.000 r  
    E3                                                0.000     0.000 r  clock (IN)
                         net (fo=0)                   0.000     0.000    clock
    E3                   IBUF (Prop_ibuf_I_O)         0.438     0.438 r  clock_IBUF_inst/O
                         net (fo=1, routed)           0.699     1.136    clock_IBUF
    BUFGCTRL_X0Y16       BUFG (Prop_bufg_I_O)         0.029     1.165 r  clock_IBUF_BUFG_inst/O
                         net (fo=41, routed)          0.865     2.030    clock_IBUF_BUFG
    SLICE_X5Y81          FDCE                                         r  reg2_reg[6]/C
                         clock pessimism             -0.501     1.528    
    SLICE_X5Y81          FDCE (Hold_fdce_C_D)         0.091     1.619    reg2_reg[6]
  -------------------------------------------------------------------
                         required time                         -1.619    
                         arrival time                           1.811    
  -------------------------------------------------------------------
                         slack                                  0.192    

Slack (MET) :             0.202ns  (arrival time - required time)
  Source:                 reg2_reg[7]/C
                            (rising edge-triggered cell FDCE clocked by sys_clk_pin  {rise@0.000ns fall@5.000ns period=10.000ns})
  Destination:            reg1_reg[7]/D
                            (rising edge-triggered cell FDCE clocked by sys_clk_pin  {rise@0.000ns fall@5.000ns period=10.000ns})
  Path Group:             sys_clk_pin
  Path Type:              Hold (Min at Fast Process Corner)
  Requirement:            0.000ns  (sys_clk_pin rise@0.000ns - sys_clk_pin rise@0.000ns)
  Data Path Delay:        0.307ns  (logic 0.186ns (60.495%)  route 0.121ns (39.505%))
  Logic Levels:           1  (LUT6=1)
  Clock Path Skew:        0.013ns (DCD - SCD - CPR)
    Destination Clock Delay (DCD):    2.035ns
    Source Clock Delay      (SCD):    1.518ns
    Clock Pessimism Removal (CPR):    0.503ns

    Location             Delay type                Incr(ns)  Path(ns)    Netlist Resource(s)
  -------------------------------------------------------------------    -------------------
                         (clock sys_clk_pin rise edge)
                                                      0.000     0.000 r  
    E3                                                0.000     0.000 r  clock (IN)
                         net (fo=0)                   0.000     0.000    clock
    E3                   IBUF (Prop_ibuf_I_O)         0.250     0.250 r  clock_IBUF_inst/O
                         net (fo=1, routed)           0.644     0.894    clock_IBUF
    BUFGCTRL_X0Y16       BUFG (Prop_bufg_I_O)         0.026     0.920 r  clock_IBUF_BUFG_inst/O
                         net (fo=41, routed)          0.599     1.518    clock_IBUF_BUFG
    SLICE_X0Y83          FDCE                                         r  reg2_reg[7]/C
  -------------------------------------------------------------------    -------------------
    SLICE_X0Y83          FDCE (Prop_fdce_C_Q)         0.141     1.659 r  reg2_reg[7]/Q
                         net (fo=5, routed)           0.121     1.781    reg2_reg_n_0_[7]
    SLICE_X1Y83          LUT6 (Prop_lut6_I3_O)        0.045     1.826 r  reg1[7]_i_1/O
                         net (fo=1, routed)           0.000     1.826    reg1[7]_i_1_n_0
    SLICE_X1Y83          FDCE                                         r  reg1_reg[7]/D
  -------------------------------------------------------------------    -------------------

                         (clock sys_clk_pin rise edge)
                                                      0.000     0.000 r  
    E3                                                0.000     0.000 r  clock (IN)
                         net (fo=0)                   0.000     0.000    clock
    E3                   IBUF (Prop_ibuf_I_O)         0.438     0.438 r  clock_IBUF_inst/O
                         net (fo=1, routed)           0.699     1.136    clock_IBUF
    BUFGCTRL_X0Y16       BUFG (Prop_bufg_I_O)         0.029     1.165 r  clock_IBUF_BUFG_inst/O
                         net (fo=41, routed)          0.870     2.035    clock_IBUF_BUFG
    SLICE_X1Y83          FDCE                                         r  reg1_reg[7]/C
                         clock pessimism             -0.503     1.531    
    SLICE_X1Y83          FDCE (Hold_fdce_C_D)         0.092     1.623    reg1_reg[7]
  -------------------------------------------------------------------
                         required time                         -1.623    
                         arrival time                           1.826    
  -------------------------------------------------------------------
                         slack                                  0.202    

Slack (MET) :             0.203ns  (arrival time - required time)
  Source:                 reg1_reg[4]/C
                            (rising edge-triggered cell FDCE clocked by sys_clk_pin  {rise@0.000ns fall@5.000ns period=10.000ns})
  Destination:            reg2_reg[4]/D
                            (rising edge-triggered cell FDCE clocked by sys_clk_pin  {rise@0.000ns fall@5.000ns period=10.000ns})
  Path Group:             sys_clk_pin
  Path Type:              Hold (Min at Fast Process Corner)
  Requirement:            0.000ns  (sys_clk_pin rise@0.000ns - sys_clk_pin rise@0.000ns)
  Data Path Delay:        0.308ns  (logic 0.186ns (60.350%)  route 0.122ns (39.650%))
  Logic Levels:           1  (LUT6=1)
  Clock Path Skew:        0.013ns (DCD - SCD - CPR)
    Destination Clock Delay (DCD):    2.035ns
    Source Clock Delay      (SCD):    1.518ns
    Clock Pessimism Removal (CPR):    0.503ns

    Location             Delay type                Incr(ns)  Path(ns)    Netlist Resource(s)
  -------------------------------------------------------------------    -------------------
                         (clock sys_clk_pin rise edge)
                                                      0.000     0.000 r  
    E3                                                0.000     0.000 r  clock (IN)
                         net (fo=0)                   0.000     0.000    clock
    E3                   IBUF (Prop_ibuf_I_O)         0.250     0.250 r  clock_IBUF_inst/O
                         net (fo=1, routed)           0.644     0.894    clock_IBUF
    BUFGCTRL_X0Y16       BUFG (Prop_bufg_I_O)         0.026     0.920 r  clock_IBUF_BUFG_inst/O
                         net (fo=41, routed)          0.599     1.518    clock_IBUF_BUFG
    SLICE_X1Y83          FDCE                                         r  reg1_reg[4]/C
  -------------------------------------------------------------------    -------------------
    SLICE_X1Y83          FDCE (Prop_fdce_C_Q)         0.141     1.659 r  reg1_reg[4]/Q
                         net (fo=7, routed)           0.122     1.782    reg1_reg_n_0_[4]
    SLICE_X0Y83          LUT6 (Prop_lut6_I4_O)        0.045     1.827 r  reg2[4]_i_1/O
                         net (fo=1, routed)           0.000     1.827    reg2[4]_i_1_n_0
    SLICE_X0Y83          FDCE                                         r  reg2_reg[4]/D
  -------------------------------------------------------------------    -------------------

                         (clock sys_clk_pin rise edge)
                                                      0.000     0.000 r  
    E3                                                0.000     0.000 r  clock (IN)
                         net (fo=0)                   0.000     0.000    clock
    E3                   IBUF (Prop_ibuf_I_O)         0.438     0.438 r  clock_IBUF_inst/O
                         net (fo=1, routed)           0.699     1.136    clock_IBUF
    BUFGCTRL_X0Y16       BUFG (Prop_bufg_I_O)         0.029     1.165 r  clock_IBUF_BUFG_inst/O
                         net (fo=41, routed)          0.870     2.035    clock_IBUF_BUFG
    SLICE_X0Y83          FDCE                                         r  reg2_reg[4]/C
                         clock pessimism             -0.503     1.531    
    SLICE_X0Y83          FDCE (Hold_fdce_C_D)         0.092     1.623    reg2_reg[4]
  -------------------------------------------------------------------
                         required time                         -1.623    
                         arrival time                           1.827    
  -------------------------------------------------------------------
                         slack                                  0.203    

Slack (MET) :             0.203ns  (arrival time - required time)
  Source:                 reg2_reg[2]/C
                            (rising edge-triggered cell FDCE clocked by sys_clk_pin  {rise@0.000ns fall@5.000ns period=10.000ns})
  Destination:            reg1_reg[2]/D
                            (rising edge-triggered cell FDCE clocked by sys_clk_pin  {rise@0.000ns fall@5.000ns period=10.000ns})
  Path Group:             sys_clk_pin
  Path Type:              Hold (Min at Fast Process Corner)
  Requirement:            0.000ns  (sys_clk_pin rise@0.000ns - sys_clk_pin rise@0.000ns)
  Data Path Delay:        0.307ns  (logic 0.186ns (60.547%)  route 0.121ns (39.453%))
  Logic Levels:           1  (LUT6=1)
  Clock Path Skew:        0.013ns (DCD - SCD - CPR)
    Destination Clock Delay (DCD):    2.031ns
    Source Clock Delay      (SCD):    1.516ns
    Clock Pessimism Removal (CPR):    0.501ns

    Location             Delay type                Incr(ns)  Path(ns)    Netlist Resource(s)
  -------------------------------------------------------------------    -------------------
                         (clock sys_clk_pin rise edge)
                                                      0.000     0.000 r  
    E3                                                0.000     0.000 r  clock (IN)
                         net (fo=0)                   0.000     0.000    clock
    E3                   IBUF (Prop_ibuf_I_O)         0.250     0.250 r  clock_IBUF_inst/O
                         net (fo=1, routed)           0.644     0.894    clock_IBUF
    BUFGCTRL_X0Y16       BUFG (Prop_bufg_I_O)         0.026     0.920 r  clock_IBUF_BUFG_inst/O
                         net (fo=41, routed)          0.597     1.516    clock_IBUF_BUFG
    SLICE_X5Y82          FDCE                                         r  reg2_reg[2]/C
  -------------------------------------------------------------------    -------------------
    SLICE_X5Y82          FDCE (Prop_fdce_C_Q)         0.141     1.657 r  reg2_reg[2]/Q
                         net (fo=5, routed)           0.121     1.779    reg2_reg_n_0_[2]
    SLICE_X4Y82          LUT6 (Prop_lut6_I3_O)        0.045     1.824 r  reg1[2]_i_1/O
                         net (fo=1, routed)           0.000     1.824    reg1[2]_i_1_n_0
    SLICE_X4Y82          FDCE                                         r  reg1_reg[2]/D
  -------------------------------------------------------------------    -------------------

                         (clock sys_clk_pin rise edge)
                                                      0.000     0.000 r  
    E3                                                0.000     0.000 r  clock (IN)
                         net (fo=0)                   0.000     0.000    clock
    E3                   IBUF (Prop_ibuf_I_O)         0.438     0.438 r  clock_IBUF_inst/O
                         net (fo=1, routed)           0.699     1.136    clock_IBUF
    BUFGCTRL_X0Y16       BUFG (Prop_bufg_I_O)         0.029     1.165 r  clock_IBUF_BUFG_inst/O
                         net (fo=41, routed)          0.866     2.031    clock_IBUF_BUFG
    SLICE_X4Y82          FDCE                                         r  reg1_reg[2]/C
                         clock pessimism             -0.501     1.529    
    SLICE_X4Y82          FDCE (Hold_fdce_C_D)         0.091     1.620    reg1_reg[2]
  -------------------------------------------------------------------
                         required time                         -1.620    
                         arrival time                           1.824    
  -------------------------------------------------------------------
                         slack                                  0.203    

Slack (MET) :             0.206ns  (arrival time - required time)
  Source:                 reg2_reg[3]/C
                            (rising edge-triggered cell FDCE clocked by sys_clk_pin  {rise@0.000ns fall@5.000ns period=10.000ns})
  Destination:            reg1_reg[3]/D
                            (rising edge-triggered cell FDCE clocked by sys_clk_pin  {rise@0.000ns fall@5.000ns period=10.000ns})
  Path Group:             sys_clk_pin
  Path Type:              Hold (Min at Fast Process Corner)
  Requirement:            0.000ns  (sys_clk_pin rise@0.000ns - sys_clk_pin rise@0.000ns)
  Data Path Delay:        0.341ns  (logic 0.186ns (54.557%)  route 0.155ns (45.443%))
  Logic Levels:           1  (LUT6=1)
  Clock Path Skew:        0.014ns (DCD - SCD - CPR)
    Destination Clock Delay (DCD):    2.033ns
    Source Clock Delay      (SCD):    1.516ns
    Clock Pessimism Removal (CPR):    0.502ns

    Location             Delay type                Incr(ns)  Path(ns)    Netlist Resource(s)
  -------------------------------------------------------------------    -------------------
                         (clock sys_clk_pin rise edge)
                                                      0.000     0.000 r  
    E3                                                0.000     0.000 r  clock (IN)
                         net (fo=0)                   0.000     0.000    clock
    E3                   IBUF (Prop_ibuf_I_O)         0.250     0.250 r  clock_IBUF_inst/O
                         net (fo=1, routed)           0.644     0.894    clock_IBUF
    BUFGCTRL_X0Y16       BUFG (Prop_bufg_I_O)         0.026     0.920 r  clock_IBUF_BUFG_inst/O
                         net (fo=41, routed)          0.597     1.516    clock_IBUF_BUFG
    SLICE_X1Y81          FDCE                                         r  reg2_reg[3]/C
  -------------------------------------------------------------------    -------------------
    SLICE_X1Y81          FDCE (Prop_fdce_C_Q)         0.141     1.657 r  reg2_reg[3]/Q
                         net (fo=5, routed)           0.155     1.812    reg2_reg_n_0_[3]
    SLICE_X2Y81          LUT6 (Prop_lut6_I3_O)        0.045     1.857 r  reg1[3]_i_1/O
                         net (fo=1, routed)           0.000     1.857    reg1[3]_i_1_n_0
    SLICE_X2Y81          FDCE                                         r  reg1_reg[3]/D
  -------------------------------------------------------------------    -------------------

                         (clock sys_clk_pin rise edge)
                                                      0.000     0.000 r  
    E3                                                0.000     0.000 r  clock (IN)
                         net (fo=0)                   0.000     0.000    clock
    E3                   IBUF (Prop_ibuf_I_O)         0.438     0.438 r  clock_IBUF_inst/O
                         net (fo=1, routed)           0.699     1.136    clock_IBUF
    BUFGCTRL_X0Y16       BUFG (Prop_bufg_I_O)         0.029     1.165 r  clock_IBUF_BUFG_inst/O
                         net (fo=41, routed)          0.868     2.033    clock_IBUF_BUFG
    SLICE_X2Y81          FDCE                                         r  reg1_reg[3]/C
                         clock pessimism             -0.502     1.530    
    SLICE_X2Y81          FDCE (Hold_fdce_C_D)         0.121     1.651    reg1_reg[3]
  -------------------------------------------------------------------
                         required time                         -1.651    
                         arrival time                           1.857    
  -------------------------------------------------------------------
                         slack                                  0.206    

Slack (MET) :             0.224ns  (arrival time - required time)
  Source:                 reg2_reg[11]/C
                            (rising edge-triggered cell FDCE clocked by sys_clk_pin  {rise@0.000ns fall@5.000ns period=10.000ns})
  Destination:            reg1_reg[11]/D
                            (rising edge-triggered cell FDCE clocked by sys_clk_pin  {rise@0.000ns fall@5.000ns period=10.000ns})
  Path Group:             sys_clk_pin
  Path Type:              Hold (Min at Fast Process Corner)
  Requirement:            0.000ns  (sys_clk_pin rise@0.000ns - sys_clk_pin rise@0.000ns)
  Data Path Delay:        0.358ns  (logic 0.186ns (51.900%)  route 0.172ns (48.100%))
  Logic Levels:           1  (LUT6=1)
  Clock Path Skew:        0.013ns (DCD - SCD - CPR)
    Destination Clock Delay (DCD):    2.034ns
    Source Clock Delay      (SCD):    1.518ns
    Clock Pessimism Removal (CPR):    0.502ns

    Location             Delay type                Incr(ns)  Path(ns)    Netlist Resource(s)
  -------------------------------------------------------------------    -------------------
                         (clock sys_clk_pin rise edge)
                                                      0.000     0.000 r  
    E3                                                0.000     0.000 r  clock (IN)
                         net (fo=0)                   0.000     0.000    clock
    E3                   IBUF (Prop_ibuf_I_O)         0.250     0.250 r  clock_IBUF_inst/O
                         net (fo=1, routed)           0.644     0.894    clock_IBUF
    BUFGCTRL_X0Y16       BUFG (Prop_bufg_I_O)         0.026     0.920 r  clock_IBUF_BUFG_inst/O
                         net (fo=41, routed)          0.599     1.518    clock_IBUF_BUFG
    SLICE_X0Y83          FDCE                                         r  reg2_reg[11]/C
  -------------------------------------------------------------------    -------------------
    SLICE_X0Y83          FDCE (Prop_fdce_C_Q)         0.141     1.659 r  reg2_reg[11]/Q
                         net (fo=8, routed)           0.172     1.832    p_0_in
    SLICE_X2Y82          LUT6 (Prop_lut6_I4_O)        0.045     1.877 r  reg1[11]_i_2/O
                         net (fo=1, routed)           0.000     1.877    reg1[11]_i_2_n_0
    SLICE_X2Y82          FDCE                                         r  reg1_reg[11]/D
  -------------------------------------------------------------------    -------------------

                         (clock sys_clk_pin rise edge)
                                                      0.000     0.000 r  
    E3                                                0.000     0.000 r  clock (IN)
                         net (fo=0)                   0.000     0.000    clock
    E3                   IBUF (Prop_ibuf_I_O)         0.438     0.438 r  clock_IBUF_inst/O
                         net (fo=1, routed)           0.699     1.136    clock_IBUF
    BUFGCTRL_X0Y16       BUFG (Prop_bufg_I_O)         0.029     1.165 r  clock_IBUF_BUFG_inst/O
                         net (fo=41, routed)          0.869     2.034    clock_IBUF_BUFG
    SLICE_X2Y82          FDCE                                         r  reg1_reg[11]/C
                         clock pessimism             -0.502     1.531    
    SLICE_X2Y82          FDCE (Hold_fdce_C_D)         0.121     1.652    reg1_reg[11]
  -------------------------------------------------------------------
                         required time                         -1.652    
                         arrival time                           1.877    
  -------------------------------------------------------------------
                         slack                                  0.224    

Slack (MET) :             0.230ns  (arrival time - required time)
  Source:                 reg1_reg[8]/C
                            (rising edge-triggered cell FDCE clocked by sys_clk_pin  {rise@0.000ns fall@5.000ns period=10.000ns})
  Destination:            reg2_reg[8]/D
                            (rising edge-triggered cell FDCE clocked by sys_clk_pin  {rise@0.000ns fall@5.000ns period=10.000ns})
  Path Group:             sys_clk_pin
  Path Type:              Hold (Min at Fast Process Corner)
  Requirement:            0.000ns  (sys_clk_pin rise@0.000ns - sys_clk_pin rise@0.000ns)
  Data Path Delay:        0.335ns  (logic 0.186ns (55.501%)  route 0.149ns (44.499%))
  Logic Levels:           1  (LUT6=1)
  Clock Path Skew:        0.013ns (DCD - SCD - CPR)
    Destination Clock Delay (DCD):    2.031ns
    Source Clock Delay      (SCD):    1.516ns
    Clock Pessimism Removal (CPR):    0.501ns

    Location             Delay type                Incr(ns)  Path(ns)    Netlist Resource(s)
  -------------------------------------------------------------------    -------------------
                         (clock sys_clk_pin rise edge)
                                                      0.000     0.000 r  
    E3                                                0.000     0.000 r  clock (IN)
                         net (fo=0)                   0.000     0.000    clock
    E3                   IBUF (Prop_ibuf_I_O)         0.250     0.250 r  clock_IBUF_inst/O
                         net (fo=1, routed)           0.644     0.894    clock_IBUF
    BUFGCTRL_X0Y16       BUFG (Prop_bufg_I_O)         0.026     0.920 r  clock_IBUF_BUFG_inst/O
                         net (fo=41, routed)          0.597     1.516    clock_IBUF_BUFG
    SLICE_X4Y82          FDCE                                         r  reg1_reg[8]/C
  -------------------------------------------------------------------    -------------------
    SLICE_X4Y82          FDCE (Prop_fdce_C_Q)         0.141     1.657 r  reg1_reg[8]/Q
                         net (fo=7, routed)           0.149     1.806    reg1_reg_n_0_[8]
    SLICE_X5Y82          LUT6 (Prop_lut6_I4_O)        0.045     1.851 r  reg2[8]_i_1/O
                         net (fo=1, routed)           0.000     1.851    reg2[8]_i_1_n_0
    SLICE_X5Y82          FDCE                                         r  reg2_reg[8]/D
  -------------------------------------------------------------------    -------------------

                         (clock sys_clk_pin rise edge)
                                                      0.000     0.000 r  
    E3                                                0.000     0.000 r  clock (IN)
                         net (fo=0)                   0.000     0.000    clock
    E3                   IBUF (Prop_ibuf_I_O)         0.438     0.438 r  clock_IBUF_inst/O
                         net (fo=1, routed)           0.699     1.136    clock_IBUF
    BUFGCTRL_X0Y16       BUFG (Prop_bufg_I_O)         0.029     1.165 r  clock_IBUF_BUFG_inst/O
                         net (fo=41, routed)          0.866     2.031    clock_IBUF_BUFG
    SLICE_X5Y82          FDCE                                         r  reg2_reg[8]/C
                         clock pessimism             -0.501     1.529    
    SLICE_X5Y82          FDCE (Hold_fdce_C_D)         0.092     1.621    reg2_reg[8]
  -------------------------------------------------------------------
                         required time                         -1.621    
                         arrival time                           1.851    
  -------------------------------------------------------------------
                         slack                                  0.230    





Pulse Width Checks
--------------------------------------------------------------------------------------
Clock Name:         sys_clk_pin
Waveform(ns):       { 0.000 5.000 }
Period(ns):         10.000
Sources:            { clock }

Check Type        Corner  Lib Pin  Reference Pin  Required(ns)  Actual(ns)  Slack(ns)  Location        Pin
Min Period        n/a     BUFG/I   n/a            2.155         10.000      7.845      BUFGCTRL_X0Y16  clock_IBUF_BUFG_inst/I
Min Period        n/a     FDCE/C   n/a            1.000         10.000      9.000      SLICE_X0Y80     FSM_sequential_current_state_reg[0]/C
Min Period        n/a     FDCE/C   n/a            1.000         10.000      9.000      SLICE_X7Y82     FSM_sequential_current_state_reg[1]/C
Min Period        n/a     FDCE/C   n/a            1.000         10.000      9.000      SLICE_X3Y80     FSM_sequential_current_state_reg[2]/C
Min Period        n/a     FDRE/C   n/a            1.000         10.000      9.000      SLICE_X1Y80     button_buf_1_reg/C
Min Period        n/a     FDRE/C   n/a            1.000         10.000      9.000      SLICE_X3Y81     button_buf_2_reg/C
Min Period        n/a     FDCE/C   n/a            1.000         10.000      9.000      SLICE_X1Y82     output_reg[0]/C
Min Period        n/a     FDCE/C   n/a            1.000         10.000      9.000      SLICE_X0Y81     output_reg[10]/C
Min Period        n/a     FDCE/C   n/a            1.000         10.000      9.000      SLICE_X1Y82     output_reg[11]/C
Min Period        n/a     FDCE/C   n/a            1.000         10.000      9.000      SLICE_X3Y83     output_reg[1]/C
Low Pulse Width   Slow    FDCE/C   n/a            0.500         5.000       4.500      SLICE_X0Y80     FSM_sequential_current_state_reg[0]/C
Low Pulse Width   Fast    FDCE/C   n/a            0.500         5.000       4.500      SLICE_X0Y80     FSM_sequential_current_state_reg[0]/C
Low Pulse Width   Slow    FDCE/C   n/a            0.500         5.000       4.500      SLICE_X7Y82     FSM_sequential_current_state_reg[1]/C
Low Pulse Width   Fast    FDCE/C   n/a            0.500         5.000       4.500      SLICE_X7Y82     FSM_sequential_current_state_reg[1]/C
Low Pulse Width   Slow    FDCE/C   n/a            0.500         5.000       4.500      SLICE_X3Y80     FSM_sequential_current_state_reg[2]/C
Low Pulse Width   Fast    FDCE/C   n/a            0.500         5.000       4.500      SLICE_X3Y80     FSM_sequential_current_state_reg[2]/C
Low Pulse Width   Slow    FDRE/C   n/a            0.500         5.000       4.500      SLICE_X1Y80     button_buf_1_reg/C
Low Pulse Width   Fast    FDRE/C   n/a            0.500         5.000       4.500      SLICE_X1Y80     button_buf_1_reg/C
Low Pulse Width   Slow    FDRE/C   n/a            0.500         5.000       4.500      SLICE_X3Y81     button_buf_2_reg/C
Low Pulse Width   Fast    FDRE/C   n/a            0.500         5.000       4.500      SLICE_X3Y81     button_buf_2_reg/C
High Pulse Width  Slow    FDCE/C   n/a            0.500         5.000       4.500      SLICE_X0Y80     FSM_sequential_current_state_reg[0]/C
High Pulse Width  Fast    FDCE/C   n/a            0.500         5.000       4.500      SLICE_X0Y80     FSM_sequential_current_state_reg[0]/C
High Pulse Width  Slow    FDCE/C   n/a            0.500         5.000       4.500      SLICE_X7Y82     FSM_sequential_current_state_reg[1]/C
High Pulse Width  Fast    FDCE/C   n/a            0.500         5.000       4.500      SLICE_X7Y82     FSM_sequential_current_state_reg[1]/C
High Pulse Width  Slow    FDCE/C   n/a            0.500         5.000       4.500      SLICE_X3Y80     FSM_sequential_current_state_reg[2]/C
High Pulse Width  Fast    FDCE/C   n/a            0.500         5.000       4.500      SLICE_X3Y80     FSM_sequential_current_state_reg[2]/C
High Pulse Width  Slow    FDRE/C   n/a            0.500         5.000       4.500      SLICE_X1Y80     button_buf_1_reg/C
High Pulse Width  Fast    FDRE/C   n/a            0.500         5.000       4.500      SLICE_X1Y80     button_buf_1_reg/C
High Pulse Width  Slow    FDRE/C   n/a            0.500         5.000       4.500      SLICE_X3Y81     button_buf_2_reg/C
High Pulse Width  Fast    FDRE/C   n/a            0.500         5.000       4.500      SLICE_X3Y81     button_buf_2_reg/C



