#-----------------------------------------------------------
# Vivado v2021.1 (64-bit)
# SW Build 3247384 on Thu Jun 10 19:36:33 MDT 2021
# IP Build 3246043 on Fri Jun 11 00:30:35 MDT 2021
# Start of session at: Sun Dec 12 19:53:10 2021
# Process ID: 12492
# Current directory: C:/Users/bhumm/OneDrive - TalTech/IAS0600_VHDL/project_5_ParameterizedMultiplier
# Command line: vivado.exe -gui_launcher_event rodinguilauncherevent13300 C:\Users\bhumm\OneDrive - TalTech\IAS0600_VHDL\project_5_ParameterizedMultiplier\project_5_ParameterizedMultiplier.xpr
# Log file: C:/Users/bhumm/OneDrive - TalTech/IAS0600_VHDL/project_5_ParameterizedMultiplier/vivado.log
# Journal file: C:/Users/bhumm/OneDrive - TalTech/IAS0600_VHDL/project_5_ParameterizedMultiplier\vivado.jou
#-----------------------------------------------------------
start_gui
open_project {C:/Users/bhumm/OneDrive - TalTech/IAS0600_VHDL/project_5_ParameterizedMultiplier/project_5_ParameterizedMultiplier.xpr}
WARNING: [filemgmt 56-3] Default IP Output Path : Could not find the directory 'C:/Users/bhumm/OneDrive - TalTech/IAS0600_VHDL/project_5_ParameterizedMultiplier/project_5_ParameterizedMultiplier.gen/sources_1'.
Scanning sources...
Finished scanning sources
INFO: [IP_Flow 19-234] Refreshing IP repositories
INFO: [IP_Flow 19-1704] No user IP repositories specified
INFO: [IP_Flow 19-2313] Loaded Vivado IP repository 'C:/Xilinx/Vivado/2021.1/data/ip'.
open_project: Time (s): cpu = 00:00:13 ; elapsed = 00:00:05 . Memory (MB): peak = 1135.281 ; gain = 0.000
update_compile_order -fileset sources_1
exit
INFO: [Common 17-206] Exiting Vivado at Sun Dec 12 20:07:07 2021...
