#-----------------------------------------------------------
# Vivado v2020.1 (64-bit)
# SW Build 2902540 on Wed May 27 19:54:49 MDT 2020
# IP Build 2902112 on Wed May 27 22:43:36 MDT 2020
# Start of session at: Wed Dec  1 16:28:20 2021
# Process ID: 4228
# Current directory: C:/Users/adgbir/OneDrive - TalTech/IAS0600_VHDL/project_6_FSM
# Command line: vivado.exe -gui_launcher_event rodinguilauncherevent11368 C:\Users\adgbir\OneDrive - TalTech\IAS0600_VHDL\project_6_FSM\project_6_FSM.xpr
# Log file: C:/Users/adgbir/OneDrive - TalTech/IAS0600_VHDL/project_6_FSM/vivado.log
# Journal file: C:/Users/adgbir/OneDrive - TalTech/IAS0600_VHDL/project_6_FSM\vivado.jou
#-----------------------------------------------------------
start_gui
open_project {C:/Users/adgbir/OneDrive - TalTech/IAS0600_VHDL/project_6_FSM/project_6_FSM.xpr}
INFO: [Project 1-313] Project file moved from 'C:/Users/bhumm/OneDrive - TalTech/IAS0600_VHDL/project_6_FSM' since last save.
Scanning sources...
Finished scanning sources
CRITICAL WARNING: [Project 1-532] XML ERROR: Project Option SimulatorGccInstallDirModelSim has no valid value
CRITICAL WARNING: [Project 1-532] XML ERROR: Project Option SimulatorGccInstallDirQuesta has no valid value
CRITICAL WARNING: [Project 1-532] XML ERROR: Project Option SimulatorGccInstallDirIES has no valid value
CRITICAL WARNING: [Project 1-532] XML ERROR: Project Option SimulatorGccInstallDirXcelium has no valid value
CRITICAL WARNING: [Project 1-532] XML ERROR: Project Option SimulatorGccInstallDirVCS has no valid value
CRITICAL WARNING: [Project 1-532] XML ERROR: Project Option SimulatorGccInstallDirRiviera has no valid value
CRITICAL WARNING: [Project 1-532] XML ERROR: Project Option SimulatorGccInstallDirActiveHdl has no valid value
CRITICAL WARNING: [Project 1-505] Unrecognized Option Name SimulatorVersionXsim
CRITICAL WARNING: [Project 1-505] Unrecognized Option Name SimulatorVersionModelSim
CRITICAL WARNING: [Project 1-505] Unrecognized Option Name SimulatorVersionQuesta
CRITICAL WARNING: [Project 1-505] Unrecognized Option Name SimulatorVersionIES
CRITICAL WARNING: [Project 1-505] Unrecognized Option Name SimulatorVersionXcelium
CRITICAL WARNING: [Project 1-505] Unrecognized Option Name SimulatorVersionVCS
CRITICAL WARNING: [Project 1-505] Unrecognized Option Name SimulatorVersionRiviera
CRITICAL WARNING: [Project 1-505] Unrecognized Option Name SimulatorVersionActiveHdl
CRITICAL WARNING: [Project 1-505] Unrecognized Option Name SimulatorGccVersionXsim
CRITICAL WARNING: [Project 1-505] Unrecognized Option Name SimulatorGccVersionModelSim
CRITICAL WARNING: [Project 1-505] Unrecognized Option Name SimulatorGccVersionQuesta
CRITICAL WARNING: [Project 1-505] Unrecognized Option Name SimulatorGccVersionIES
CRITICAL WARNING: [Project 1-505] Unrecognized Option Name SimulatorGccVersionXcelium
CRITICAL WARNING: [Project 1-505] Unrecognized Option Name SimulatorGccVersionVCS
CRITICAL WARNING: [Project 1-505] Unrecognized Option Name SimulatorGccVersionRiviera
CRITICAL WARNING: [Project 1-505] Unrecognized Option Name SimulatorGccVersionActiveHdl
WARNING: [filemgmt 56-2] Default IP Output Path : Could not find the directory 'C:/Users/adgbir/OneDrive - TalTech/IAS0600_VHDL/project_6_FSM/project_6_FSM.gen/sources_1', nor could it be found using path 'C:/Users/bhumm/OneDrive - TalTech/IAS0600_VHDL/project_6_FSM/project_6_FSM.gen/sources_1'.
CRITICAL WARNING: [Project 1-505] Unrecognized Option Name ClassicSocBoot
WARNING: [Project 1-231] Project 'project_6_FSM.xpr' was created with a future version and may or may not perform reliably with this version of Vivado. It has been opened in read-only mode for the protection of unrecognized data. Use 'File | Save Project As...' if you wish to alter a copy of the project.
INFO: [IP_Flow 19-234] Refreshing IP repositories
INFO: [IP_Flow 19-1704] No user IP repositories specified
INFO: [IP_Flow 19-2313] Loaded Vivado IP repository 'C:/Xilinx/Vivado/2020.1/data/ip'.
open_project: Time (s): cpu = 00:00:12 ; elapsed = 00:00:09 . Memory (MB): peak = 1024.082 ; gain = 0.000
update_compile_order -fileset sources_1
save_project_as project_1 {C:/Users/adgbir/OneDrive - TalTech/IAS0600_VHDL/FSMD_1/project_1} -force
save_project_as: Time (s): cpu = 00:00:10 ; elapsed = 00:00:06 . Memory (MB): peak = 1024.082 ; gain = 0.000
exit
INFO: [Common 17-206] Exiting Vivado at Wed Dec  1 16:31:05 2021...
